{"/home/travis/build/npmtest/node-npmtest-node-uglifier/test.js":{"path":"/home/travis/build/npmtest/node-npmtest-node-uglifier/test.js","s":{"1":2,"2":2,"3":2,"4":2,"5":2,"6":2,"7":2,"8":1,"9":2,"10":2,"11":1,"12":1,"13":1,"14":1,"15":2,"16":2,"17":2,"18":2,"19":1,"20":1,"21":2,"22":2,"23":2,"24":1,"25":1,"26":1,"27":1,"28":1,"29":1,"30":1,"31":1,"32":1,"33":1,"34":1,"35":1,"36":1,"37":1,"38":1,"39":2,"40":2,"41":1,"42":2,"43":2,"44":1,"45":2,"46":2,"47":1,"48":2,"49":2,"50":1,"51":1,"52":1,"53":1,"54":1},"b":{"1":[2,1,1,1],"2":[1,1,1,1],"3":[1,1],"4":[1,1],"5":[1,1],"6":[1,1],"7":[1,1],"8":[1,1],"9":[1,1],"10":[1,1,1],"11":[1,1],"12":[1,1],"13":[1,1],"14":[1,1],"15":[1,1],"16":[1,1],"17":[1,1]},"f":{"1":2,"2":2,"3":2,"4":2,"5":2,"6":1,"7":1,"8":1,"9":2,"10":2,"11":2,"12":2,"13":1},"fnMap":{"1":{"name":"(anonymous_1)","line":12,"loc":{"start":{"line":12,"column":1},"end":{"line":12,"column":13}}},"2":{"name":"(anonymous_2)","line":19,"loc":{"start":{"line":19,"column":5},"end":{"line":19,"column":17}}},"3":{"name":"(anonymous_3)","line":23,"loc":{"start":{"line":23,"column":24},"end":{"line":23,"column":36}}},"4":{"name":"(anonymous_4)","line":61,"loc":{"start":{"line":61,"column":5},"end":{"line":61,"column":17}}},"5":{"name":"(anonymous_5)","line":82,"loc":{"start":{"line":82,"column":5},"end":{"line":82,"column":17}}},"6":{"name":"(anonymous_6)","line":91,"loc":{"start":{"line":91,"column":77},"end":{"line":94,"column":10}}},"7":{"name":"(anonymous_7)","line":112,"loc":{"start":{"line":112,"column":83},"end":{"line":115,"column":10}},"skip":true},"8":{"name":"(anonymous_8)","line":123,"loc":{"start":{"line":123,"column":77},"end":{"line":126,"column":10}},"skip":true},"9":{"name":"(anonymous_9)","line":139,"loc":{"start":{"line":139,"column":12},"end":{"line":139,"column":40}},"skip":true},"10":{"name":"(anonymous_10)","line":147,"loc":{"start":{"line":147,"column":77},"end":{"line":150,"column":10}},"skip":true},"11":{"name":"(anonymous_11)","line":158,"loc":{"start":{"line":158,"column":83},"end":{"line":161,"column":10}},"skip":true},"12":{"name":"(anonymous_12)","line":169,"loc":{"start":{"line":169,"column":79},"end":{"line":172,"column":10}},"skip":true},"13":{"name":"(anonymous_13)","line":180,"loc":{"start":{"line":180,"column":75},"end":{"line":183,"column":10}},"skip":true}},"statementMap":{"1":{"start":{"line":12,"column":0},"end":{"line":195,"column":5}},"2":{"start":{"line":14,"column":4},"end":{"line":14,"column":14}},"3":{"start":{"line":19,"column":4},"end":{"line":56,"column":9}},"4":{"start":{"line":21,"column":8},"end":{"line":21,"column":19}},"5":{"start":{"line":23,"column":8},"end":{"line":35,"column":13}},"6":{"start":{"line":24,"column":12},"end":{"line":34,"column":13}},"7":{"start":{"line":25,"column":16},"end":{"line":28,"column":30}},"8":{"start":{"line":30,"column":16},"end":{"line":33,"column":27}},"9":{"start":{"line":37,"column":8},"end":{"line":39,"column":21}},"10":{"start":{"line":40,"column":8},"end":{"line":53,"column":9}},"11":{"start":{"line":43,"column":12},"end":{"line":46,"column":14}},"12":{"start":{"line":47,"column":12},"end":{"line":47,"column":18}},"13":{"start":{"line":50,"column":12},"end":{"line":51,"column":33}},"14":{"start":{"line":52,"column":12},"end":{"line":52,"column":18}},"15":{"start":{"line":55,"column":8},"end":{"line":55,"column":35}},"16":{"start":{"line":61,"column":4},"end":{"line":63,"column":9}},"17":{"start":{"line":62,"column":8},"end":{"line":62,"column":15}},"18":{"start":{"line":64,"column":4},"end":{"line":77,"column":5}},"19":{"start":{"line":70,"column":8},"end":{"line":70,"column":14}},"20":{"start":{"line":76,"column":8},"end":{"line":76,"column":14}},"21":{"start":{"line":82,"column":4},"end":{"line":84,"column":9}},"22":{"start":{"line":83,"column":8},"end":{"line":83,"column":15}},"23":{"start":{"line":85,"column":4},"end":{"line":194,"column":5}},"24":{"start":{"line":91,"column":8},"end":{"line":99,"column":10}},"25":{"start":{"line":98,"column":12},"end":{"line":98,"column":35}},"26":{"start":{"line":102,"column":8},"end":{"line":104,"column":63}},"27":{"start":{"line":105,"column":8},"end":{"line":105,"column":14}},"28":{"start":{"line":112,"column":8},"end":{"line":121,"column":10},"skip":true},"29":{"start":{"line":119,"column":12},"end":{"line":119,"column":55},"skip":true},"30":{"start":{"line":120,"column":12},"end":{"line":120,"column":48},"skip":true},"31":{"start":{"line":123,"column":8},"end":{"line":136,"column":10},"skip":true},"32":{"start":{"line":130,"column":12},"end":{"line":130,"column":76},"skip":true},"33":{"start":{"line":131,"column":12},"end":{"line":131,"column":73},"skip":true},"34":{"start":{"line":132,"column":12},"end":{"line":132,"column":74},"skip":true},"35":{"start":{"line":133,"column":12},"end":{"line":133,"column":79},"skip":true},"36":{"start":{"line":134,"column":12},"end":{"line":134,"column":25},"skip":true},"37":{"start":{"line":135,"column":12},"end":{"line":135,"column":45},"skip":true},"38":{"start":{"line":138,"column":8},"end":{"line":145,"column":14},"skip":true},"39":{"start":{"line":143,"column":16},"end":{"line":143,"column":29},"skip":true},"40":{"start":{"line":144,"column":16},"end":{"line":144,"column":55},"skip":true},"41":{"start":{"line":147,"column":8},"end":{"line":156,"column":10},"skip":true},"42":{"start":{"line":154,"column":12},"end":{"line":154,"column":25},"skip":true},"43":{"start":{"line":155,"column":12},"end":{"line":155,"column":45},"skip":true},"44":{"start":{"line":158,"column":8},"end":{"line":167,"column":10},"skip":true},"45":{"start":{"line":165,"column":12},"end":{"line":165,"column":25},"skip":true},"46":{"start":{"line":166,"column":12},"end":{"line":166,"column":48},"skip":true},"47":{"start":{"line":169,"column":8},"end":{"line":178,"column":10},"skip":true},"48":{"start":{"line":176,"column":12},"end":{"line":176,"column":25},"skip":true},"49":{"start":{"line":177,"column":12},"end":{"line":177,"column":46},"skip":true},"50":{"start":{"line":180,"column":8},"end":{"line":189,"column":10},"skip":true},"51":{"start":{"line":187,"column":12},"end":{"line":187,"column":94},"skip":true},"52":{"start":{"line":188,"column":12},"end":{"line":188,"column":48},"skip":true},"53":{"start":{"line":192,"column":8},"end":{"line":192,"column":35},"skip":true},"54":{"start":{"line":193,"column":8},"end":{"line":193,"column":14},"skip":true}},"branchMap":{"1":{"line":25,"type":"binary-expr","locations":[{"start":{"line":25,"column":23},"end":{"line":25,"column":62}},{"start":{"line":26,"column":20},"end":{"line":26,"column":70}},{"start":{"line":27,"column":20},"end":{"line":27,"column":71}},{"start":{"line":28,"column":20},"end":{"line":28,"column":29}}]},"2":{"line":30,"type":"binary-expr","locations":[{"start":{"line":30,"column":23},"end":{"line":30,"column":37}},{"start":{"line":31,"column":20},"end":{"line":31,"column":61}},{"start":{"line":32,"column":20},"end":{"line":32,"column":70}},{"start":{"line":33,"column":20},"end":{"line":33,"column":26}}]},"3":{"line":37,"type":"cond-expr","locations":[{"start":{"line":38,"column":14},"end":{"line":38,"column":20}},{"start":{"line":39,"column":14},"end":{"line":39,"column":20}}]},"4":{"line":40,"type":"switch","locations":[{"start":{"line":42,"column":8},"end":{"line":47,"column":18}},{"start":{"line":49,"column":8},"end":{"line":52,"column":18}}]},"5":{"line":44,"type":"binary-expr","locations":[{"start":{"line":44,"column":16},"end":{"line":44,"column":44}},{"start":{"line":44,"column":48},"end":{"line":44,"column":66}}]},"6":{"line":50,"type":"binary-expr","locations":[{"start":{"line":50,"column":21},"end":{"line":50,"column":49}},{"start":{"line":50,"column":53},"end":{"line":50,"column":72}}]},"7":{"line":64,"type":"switch","locations":[{"start":{"line":69,"column":4},"end":{"line":70,"column":14}},{"start":{"line":75,"column":4},"end":{"line":76,"column":14}}]},"8":{"line":85,"type":"switch","locations":[{"start":{"line":90,"column":4},"end":{"line":105,"column":14}},{"start":{"line":111,"column":4},"end":{"line":193,"column":14},"skip":true}]},"9":{"line":91,"type":"binary-expr","locations":[{"start":{"line":91,"column":42},"end":{"line":91,"column":73}},{"start":{"line":91,"column":77},"end":{"line":99,"column":9}}]},"10":{"line":102,"type":"binary-expr","locations":[{"start":{"line":102,"column":18},"end":{"line":102,"column":32}},{"start":{"line":103,"column":12},"end":{"line":103,"column":53}},{"start":{"line":104,"column":12},"end":{"line":104,"column":61}}]},"11":{"line":112,"type":"binary-expr","locations":[{"start":{"line":112,"column":45},"end":{"line":112,"column":79},"skip":true},{"start":{"line":112,"column":83},"end":{"line":121,"column":9},"skip":true}]},"12":{"line":123,"type":"binary-expr","locations":[{"start":{"line":123,"column":42},"end":{"line":123,"column":73},"skip":true},{"start":{"line":123,"column":77},"end":{"line":136,"column":9},"skip":true}]},"13":{"line":138,"type":"binary-expr","locations":[{"start":{"line":138,"column":48},"end":{"line":138,"column":85},"skip":true},{"start":{"line":139,"column":12},"end":{"line":145,"column":13},"skip":true}]},"14":{"line":147,"type":"binary-expr","locations":[{"start":{"line":147,"column":42},"end":{"line":147,"column":73},"skip":true},{"start":{"line":147,"column":77},"end":{"line":156,"column":9},"skip":true}]},"15":{"line":158,"type":"binary-expr","locations":[{"start":{"line":158,"column":45},"end":{"line":158,"column":79},"skip":true},{"start":{"line":158,"column":83},"end":{"line":167,"column":9},"skip":true}]},"16":{"line":169,"type":"binary-expr","locations":[{"start":{"line":169,"column":43},"end":{"line":169,"column":75},"skip":true},{"start":{"line":169,"column":79},"end":{"line":178,"column":9},"skip":true}]},"17":{"line":180,"type":"binary-expr","locations":[{"start":{"line":180,"column":41},"end":{"line":180,"column":71},"skip":true},{"start":{"line":180,"column":75},"end":{"line":189,"column":9},"skip":true}]}},"code":["/* istanbul instrument in package npmtest_node_uglifier */","/*jslint","    bitwise: true,","    browser: true,","    maxerr: 8,","    maxlen: 96,","    node: true,","    nomen: true,","    regexp: true,","    stupid: true","*/","(function () {","    'use strict';","    var local;","","","","    // run shared js-env code - init-before","    (function () {","        // init local","        local = {};","        // init modeJs","        local.modeJs = (function () {","            try {","                return typeof navigator.userAgent === 'string' &&","                    typeof document.querySelector('body') === 'object' &&","                    typeof XMLHttpRequest.prototype.open === 'function' &&","                    'browser';","            } catch (errorCaughtBrowser) {","                return module.exports &&","                    typeof process.versions.node === 'string' &&","                    typeof require('http').createServer === 'function' &&","                    'node';","            }","        }());","        // init global","        local.global = local.modeJs === 'browser'","            ? window","            : global;","        switch (local.modeJs) {","        // re-init local from window.local","        case 'browser':","            local = local.global.utility2.objectSetDefault(","                local.global.utility2_rollup || local.global.local,","                local.global.utility2","            );","            break;","        // re-init local from example.js","        case 'node':","            local = (local.global.utility2_rollup || require('utility2'))","                .requireReadme();","            break;","        }","        // export local","        local.global.local = local;","    }());","","","","    // run shared js-env code - function","    (function () {","        return;","    }());","    switch (local.modeJs) {","","","","    // run browser js-env code - function","    case 'browser':","        break;","","","","    // run node js-env code - function","    case 'node':","        break;","    }","","","","    // run shared js-env code - init-after","    (function () {","        return;","    }());","    switch (local.modeJs) {","","","","    // run browser js-env code - init-after","    case 'browser':","        local.testCase_browser_nullCase = local.testCase_browser_nullCase || function (","            options,","            onError","        ) {","        /*","         * this function will test browsers's null-case handling-behavior-behavior","         */","            onError(null, options);","        };","","        // run tests","        local.nop(local.modeTest &&","            document.querySelector('#testRunButton1') &&","            document.querySelector('#testRunButton1').click());","        break;","","","","    // run node js-env code - init-after","    /* istanbul ignore next */","    case 'node':","        local.testCase_buildApidoc_default = local.testCase_buildApidoc_default || function (","            options,","            onError","        ) {","        /*","         * this function will test buildApidoc's default handling-behavior-behavior","         */","            options = { modulePathList: module.paths };","            local.buildApidoc(options, onError);","        };","","        local.testCase_buildApp_default = local.testCase_buildApp_default || function (","            options,","            onError","        ) {","        /*","         * this function will test buildApp's default handling-behavior-behavior","         */","            local.testCase_buildReadme_default(options, local.onErrorThrow);","            local.testCase_buildLib_default(options, local.onErrorThrow);","            local.testCase_buildTest_default(options, local.onErrorThrow);","            local.testCase_buildCustomOrg_default(options, local.onErrorThrow);","            options = [];","            local.buildApp(options, onError);","        };","","        local.testCase_buildCustomOrg_default = local.testCase_buildCustomOrg_default ||","            function (options, onError) {","            /*","             * this function will test buildCustomOrg's default handling-behavior","             */","                options = {};","                local.buildCustomOrg(options, onError);","            };","","        local.testCase_buildLib_default = local.testCase_buildLib_default || function (","            options,","            onError","        ) {","        /*","         * this function will test buildLib's default handling-behavior","         */","            options = {};","            local.buildLib(options, onError);","        };","","        local.testCase_buildReadme_default = local.testCase_buildReadme_default || function (","            options,","            onError","        ) {","        /*","         * this function will test buildReadme's default handling-behavior-behavior","         */","            options = {};","            local.buildReadme(options, onError);","        };","","        local.testCase_buildTest_default = local.testCase_buildTest_default || function (","            options,","            onError","        ) {","        /*","         * this function will test buildTest's default handling-behavior","         */","            options = {};","            local.buildTest(options, onError);","        };","","        local.testCase_webpage_default = local.testCase_webpage_default || function (","            options,","            onError","        ) {","        /*","         * this function will test webpage's default handling-behavior","         */","            options = { modeCoverageMerge: true, url: local.serverLocalHost + '?modeTest=1' };","            local.browserTest(options, onError);","        };","","        // run test-server","        local.testRunServer(local);","        break;","    }","}());",""],"l":{"12":2,"14":2,"19":2,"21":2,"23":2,"24":2,"25":2,"30":1,"37":2,"40":2,"43":1,"47":1,"50":1,"52":1,"55":2,"61":2,"62":2,"64":2,"70":1,"76":1,"82":2,"83":2,"85":2,"91":1,"98":1,"102":1,"105":1,"112":1,"119":1,"120":1,"123":1,"130":1,"131":1,"132":1,"133":1,"134":1,"135":1,"138":1,"143":2,"144":2,"147":1,"154":2,"155":2,"158":1,"165":2,"166":2,"169":1,"176":2,"177":2,"180":1,"187":1,"188":1,"192":1,"193":1}},"/home/travis/build/npmtest/node-npmtest-node-uglifier/lib.npmtest_node_uglifier.js":{"path":"/home/travis/build/npmtest/node-npmtest-node-uglifier/lib.npmtest_node_uglifier.js","s":{"1":2,"2":2,"3":2,"4":2,"5":2,"6":2,"7":2,"8":1,"9":2,"10":2,"11":2,"12":2,"13":1,"14":1,"15":1,"16":1},"b":{"1":[2,1,1,1],"2":[1,1,1,1],"3":[1,1],"4":[2,2],"5":[1,1]},"f":{"1":2,"2":2,"3":2},"fnMap":{"1":{"name":"(anonymous_1)","line":12,"loc":{"start":{"line":12,"column":1},"end":{"line":12,"column":13}}},"2":{"name":"(anonymous_2)","line":19,"loc":{"start":{"line":19,"column":5},"end":{"line":19,"column":17}}},"3":{"name":"(anonymous_3)","line":23,"loc":{"start":{"line":23,"column":24},"end":{"line":23,"column":36}}}},"statementMap":{"1":{"start":{"line":12,"column":0},"end":{"line":53,"column":5}},"2":{"start":{"line":14,"column":4},"end":{"line":14,"column":14}},"3":{"start":{"line":19,"column":4},"end":{"line":52,"column":9}},"4":{"start":{"line":21,"column":8},"end":{"line":21,"column":19}},"5":{"start":{"line":23,"column":8},"end":{"line":35,"column":13}},"6":{"start":{"line":24,"column":12},"end":{"line":34,"column":13}},"7":{"start":{"line":25,"column":16},"end":{"line":28,"column":30}},"8":{"start":{"line":30,"column":16},"end":{"line":33,"column":27}},"9":{"start":{"line":37,"column":8},"end":{"line":39,"column":21}},"10":{"start":{"line":41,"column":8},"end":{"line":41,"column":54}},"11":{"start":{"line":43,"column":8},"end":{"line":43,"column":58}},"12":{"start":{"line":45,"column":8},"end":{"line":51,"column":9}},"13":{"start":{"line":46,"column":12},"end":{"line":46,"column":64}},"14":{"start":{"line":48,"column":12},"end":{"line":48,"column":35}},"15":{"start":{"line":49,"column":12},"end":{"line":49,"column":49}},"16":{"start":{"line":50,"column":12},"end":{"line":50,"column":43}}},"branchMap":{"1":{"line":25,"type":"binary-expr","locations":[{"start":{"line":25,"column":23},"end":{"line":25,"column":62}},{"start":{"line":26,"column":20},"end":{"line":26,"column":70}},{"start":{"line":27,"column":20},"end":{"line":27,"column":71}},{"start":{"line":28,"column":20},"end":{"line":28,"column":29}}]},"2":{"line":30,"type":"binary-expr","locations":[{"start":{"line":30,"column":23},"end":{"line":30,"column":37}},{"start":{"line":31,"column":20},"end":{"line":31,"column":61}},{"start":{"line":32,"column":20},"end":{"line":32,"column":70}},{"start":{"line":33,"column":20},"end":{"line":33,"column":26}}]},"3":{"line":37,"type":"cond-expr","locations":[{"start":{"line":38,"column":14},"end":{"line":38,"column":20}},{"start":{"line":39,"column":14},"end":{"line":39,"column":20}}]},"4":{"line":41,"type":"binary-expr","locations":[{"start":{"line":41,"column":16},"end":{"line":41,"column":44}},{"start":{"line":41,"column":48},"end":{"line":41,"column":53}}]},"5":{"line":45,"type":"if","locations":[{"start":{"line":45,"column":8},"end":{"line":45,"column":8}},{"start":{"line":45,"column":8},"end":{"line":45,"column":8}}]}},"code":["/* istanbul instrument in package npmtest_node_uglifier */","/*jslint","    bitwise: true,","    browser: true,","    maxerr: 8,","    maxlen: 96,","    node: true,","    nomen: true,","    regexp: true,","    stupid: true","*/","(function () {","    'use strict';","    var local;","","","","    // run shared js-env code - init-before","    (function () {","        // init local","        local = {};","        // init modeJs","        local.modeJs = (function () {","            try {","                return typeof navigator.userAgent === 'string' &&","                    typeof document.querySelector('body') === 'object' &&","                    typeof XMLHttpRequest.prototype.open === 'function' &&","                    'browser';","            } catch (errorCaughtBrowser) {","                return module.exports &&","                    typeof process.versions.node === 'string' &&","                    typeof require('http').createServer === 'function' &&","                    'node';","            }","        }());","        // init global","        local.global = local.modeJs === 'browser'","            ? window","            : global;","        // init utility2_rollup","        local = local.global.utility2_rollup || local;","        // init lib","        local.local = local.npmtest_node_uglifier = local;","        // init exports","        if (local.modeJs === 'browser') {","            local.global.utility2_npmtest_node_uglifier = local;","        } else {","            module.exports = local;","            module.exports.__dirname = __dirname;","            module.exports.module = module;","        }","    }());","}());",""],"l":{"12":2,"14":2,"19":2,"21":2,"23":2,"24":2,"25":2,"30":1,"37":2,"41":2,"43":2,"45":2,"46":1,"48":1,"49":1,"50":1}},"/home/travis/build/npmtest/node-npmtest-node-uglifier/example.js":{"path":"/home/travis/build/npmtest/node-npmtest-node-uglifier/example.js","s":{"1":2,"2":2,"3":2,"4":2,"5":2,"6":2,"7":2,"8":1,"9":2,"10":2,"11":2,"12":2,"13":1,"14":2,"15":2,"16":2,"17":2,"18":2,"19":0,"20":2,"21":1,"22":1,"23":1,"24":1,"25":1,"26":0,"27":0,"28":1,"29":1,"30":2,"31":0,"32":0,"33":0,"34":1,"35":2,"36":2,"37":3,"38":3,"39":3,"40":3,"41":0,"42":3,"43":3,"44":3,"45":1,"46":3,"47":1,"48":1,"49":1,"50":1,"51":1,"52":1,"53":1,"54":1,"55":1,"56":1,"57":0,"58":1,"59":6,"60":6,"61":1,"62":2,"63":0,"64":2,"65":1,"66":1,"67":0,"68":0,"69":0,"70":0,"71":0,"72":0,"73":0,"74":0,"75":0,"76":0,"77":0,"78":0,"79":0,"80":0,"81":0,"82":0,"83":0},"b":{"1":[2,1,1,1],"2":[1,1,1,1],"3":[1,1],"4":[2,2],"5":[1,1],"6":[1,1],"7":[2,0],"8":[2,1,1,1,1,1],"9":[0,2,0],"10":[1,1],"11":[2,1,1],"12":[1,0],"13":[0,2],"14":[2,0,0,0,0,0,0],"15":[0,3],"16":[3,0],"17":[1,1],"18":[0,1],"19":[1,2,0,2],"20":[1,0],"21":[1,1],"22":[0,0],"23":[0,0],"24":[0,0],"25":[0,0],"26":[0,0],"27":[0,0],"28":[0,0]},"f":{"1":2,"2":2,"3":2,"4":2,"5":2,"6":2,"7":3,"8":3,"9":3,"10":1,"11":6,"12":0},"fnMap":{"1":{"name":"(anonymous_1)","line":26,"loc":{"start":{"line":26,"column":1},"end":{"line":26,"column":13}}},"2":{"name":"(anonymous_2)","line":33,"loc":{"start":{"line":33,"column":5},"end":{"line":33,"column":17}}},"3":{"name":"(anonymous_3)","line":37,"loc":{"start":{"line":37,"column":24},"end":{"line":37,"column":36}}},"4":{"name":"(anonymous_4)","line":69,"loc":{"start":{"line":69,"column":31},"end":{"line":69,"column":48}},"skip":true},"5":{"name":"(anonymous_5)","line":78,"loc":{"start":{"line":78,"column":26},"end":{"line":78,"column":45}},"skip":true},"6":{"name":"(anonymous_6)","line":123,"loc":{"start":{"line":123,"column":33},"end":{"line":123,"column":48}},"skip":true},"7":{"name":"(anonymous_7)","line":125,"loc":{"start":{"line":125,"column":27},"end":{"line":125,"column":39}},"skip":true},"8":{"name":"(anonymous_8)","line":133,"loc":{"start":{"line":133,"column":59},"end":{"line":133,"column":74}},"skip":true},"9":{"name":"(anonymous_9)","line":143,"loc":{"start":{"line":143,"column":45},"end":{"line":143,"column":62}},"skip":true},"10":{"name":"(anonymous_10)","line":144,"loc":{"start":{"line":144,"column":73},"end":{"line":144,"column":92}},"skip":true},"11":{"name":"(anonymous_11)","line":272,"loc":{"start":{"line":272,"column":51},"end":{"line":272,"column":77}},"skip":true},"12":{"name":"(anonymous_12)","line":315,"loc":{"start":{"line":315,"column":32},"end":{"line":315,"column":61}},"skip":true}},"statementMap":{"1":{"start":{"line":26,"column":0},"end":{"line":326,"column":5}},"2":{"start":{"line":28,"column":4},"end":{"line":28,"column":14}},"3":{"start":{"line":33,"column":4},"end":{"line":60,"column":9}},"4":{"start":{"line":35,"column":8},"end":{"line":35,"column":19}},"5":{"start":{"line":37,"column":8},"end":{"line":49,"column":13}},"6":{"start":{"line":38,"column":12},"end":{"line":48,"column":13}},"7":{"start":{"line":39,"column":16},"end":{"line":42,"column":30}},"8":{"start":{"line":44,"column":16},"end":{"line":47,"column":27}},"9":{"start":{"line":51,"column":8},"end":{"line":53,"column":21}},"10":{"start":{"line":55,"column":8},"end":{"line":57,"column":45}},"11":{"start":{"line":59,"column":8},"end":{"line":59,"column":35}},"12":{"start":{"line":61,"column":4},"end":{"line":325,"column":5}},"13":{"start":{"line":69,"column":8},"end":{"line":121,"column":10},"skip":true},"14":{"start":{"line":70,"column":12},"end":{"line":88,"column":13},"skip":true},"15":{"start":{"line":76,"column":16},"end":{"line":87,"column":19},"skip":true},"16":{"start":{"line":79,"column":20},"end":{"line":86,"column":21},"skip":true},"17":{"start":{"line":82,"column":24},"end":{"line":82,"column":43},"skip":true},"18":{"start":{"line":83,"column":24},"end":{"line":83,"column":30},"skip":true},"19":{"start":{"line":85,"column":24},"end":{"line":85,"column":49},"skip":true},"20":{"start":{"line":89,"column":12},"end":{"line":107,"column":13},"skip":true},"21":{"start":{"line":92,"column":16},"end":{"line":102,"column":17},"skip":true},"22":{"start":{"line":93,"column":20},"end":{"line":93,"column":86},"skip":true},"23":{"start":{"line":94,"column":20},"end":{"line":95,"column":45},"skip":true},"24":{"start":{"line":96,"column":20},"end":{"line":96,"column":42},"skip":true},"25":{"start":{"line":97,"column":20},"end":{"line":97,"column":48},"skip":true},"26":{"start":{"line":100,"column":20},"end":{"line":100,"column":85},"skip":true},"27":{"start":{"line":101,"column":20},"end":{"line":101,"column":96},"skip":true},"28":{"start":{"line":103,"column":16},"end":{"line":103,"column":22},"skip":true},"29":{"start":{"line":106,"column":16},"end":{"line":106,"column":22},"skip":true},"30":{"start":{"line":108,"column":12},"end":{"line":120,"column":13},"skip":true},"31":{"start":{"line":114,"column":16},"end":{"line":119,"column":17},"skip":true},"32":{"start":{"line":116,"column":20},"end":{"line":116,"column":78},"skip":true},"33":{"start":{"line":118,"column":20},"end":{"line":118,"column":47},"skip":true},"34":{"start":{"line":123,"column":8},"end":{"line":141,"column":11},"skip":true},"35":{"start":{"line":124,"column":12},"end":{"line":124,"column":54},"skip":true},"36":{"start":{"line":125,"column":12},"end":{"line":140,"column":14},"skip":true},"37":{"start":{"line":126,"column":16},"end":{"line":126,"column":28},"skip":true},"38":{"start":{"line":127,"column":16},"end":{"line":127,"column":69},"skip":true},"39":{"start":{"line":128,"column":16},"end":{"line":128,"column":75},"skip":true},"40":{"start":{"line":129,"column":16},"end":{"line":131,"column":17},"skip":true},"41":{"start":{"line":130,"column":20},"end":{"line":130,"column":27},"skip":true},"42":{"start":{"line":133,"column":16},"end":{"line":137,"column":36},"skip":true},"43":{"start":{"line":134,"column":20},"end":{"line":136,"column":55},"skip":true},"44":{"start":{"line":139,"column":16},"end":{"line":139,"column":57},"skip":true},"45":{"start":{"line":143,"column":8},"end":{"line":147,"column":11},"skip":true},"46":{"start":{"line":144,"column":12},"end":{"line":146,"column":15},"skip":true},"47":{"start":{"line":145,"column":16},"end":{"line":145,"column":70},"skip":true},"48":{"start":{"line":149,"column":8},"end":{"line":149,"column":31},"skip":true},"49":{"start":{"line":150,"column":8},"end":{"line":150,"column":14},"skip":true},"50":{"start":{"line":158,"column":8},"end":{"line":158,"column":31},"skip":true},"51":{"start":{"line":160,"column":8},"end":{"line":160,"column":33},"skip":true},"52":{"start":{"line":161,"column":8},"end":{"line":161,"column":37},"skip":true},"53":{"start":{"line":162,"column":8},"end":{"line":162,"column":35},"skip":true},"54":{"start":{"line":164,"column":8},"end":{"line":164,"column":50},"skip":true},"55":{"start":{"line":166,"column":8},"end":{"line":256,"column":2},"skip":true},"56":{"start":{"line":258,"column":8},"end":{"line":286,"column":9},"skip":true},"57":{"start":{"line":259,"column":12},"end":{"line":269,"column":14},"skip":true},"58":{"start":{"line":271,"column":12},"end":{"line":285,"column":19},"skip":true},"59":{"start":{"line":274,"column":20},"end":{"line":274,"column":35},"skip":true},"60":{"start":{"line":275,"column":20},"end":{"line":284,"column":21},"skip":true},"61":{"start":{"line":277,"column":24},"end":{"line":277,"column":64},"skip":true},"62":{"start":{"line":279,"column":24},"end":{"line":279,"column":40},"skip":true},"63":{"start":{"line":281,"column":24},"end":{"line":281,"column":40},"skip":true},"64":{"start":{"line":283,"column":24},"end":{"line":283,"column":39},"skip":true},"65":{"start":{"line":288,"column":8},"end":{"line":290,"column":9},"skip":true},"66":{"start":{"line":289,"column":12},"end":{"line":289,"column":18},"skip":true},"67":{"start":{"line":291,"column":8},"end":{"line":293,"column":54},"skip":true},"68":{"start":{"line":296,"column":8},"end":{"line":301,"column":37},"skip":true},"69":{"start":{"line":303,"column":8},"end":{"line":303,"column":82},"skip":true},"70":{"start":{"line":306,"column":8},"end":{"line":308,"column":9},"skip":true},"71":{"start":{"line":307,"column":12},"end":{"line":307,"column":82},"skip":true},"72":{"start":{"line":310,"column":8},"end":{"line":312,"column":9},"skip":true},"73":{"start":{"line":311,"column":12},"end":{"line":311,"column":18},"skip":true},"74":{"start":{"line":313,"column":8},"end":{"line":313,"column":54},"skip":true},"75":{"start":{"line":314,"column":8},"end":{"line":314,"column":69},"skip":true},"76":{"start":{"line":315,"column":8},"end":{"line":323,"column":36},"skip":true},"77":{"start":{"line":316,"column":12},"end":{"line":316,"column":61},"skip":true},"78":{"start":{"line":317,"column":12},"end":{"line":320,"column":13},"skip":true},"79":{"start":{"line":318,"column":16},"end":{"line":318,"column":75},"skip":true},"80":{"start":{"line":319,"column":16},"end":{"line":319,"column":23},"skip":true},"81":{"start":{"line":321,"column":12},"end":{"line":321,"column":38},"skip":true},"82":{"start":{"line":322,"column":12},"end":{"line":322,"column":27},"skip":true},"83":{"start":{"line":324,"column":8},"end":{"line":324,"column":14},"skip":true}},"branchMap":{"1":{"line":39,"type":"binary-expr","locations":[{"start":{"line":39,"column":23},"end":{"line":39,"column":62}},{"start":{"line":40,"column":20},"end":{"line":40,"column":70}},{"start":{"line":41,"column":20},"end":{"line":41,"column":71}},{"start":{"line":42,"column":20},"end":{"line":42,"column":29}}]},"2":{"line":44,"type":"binary-expr","locations":[{"start":{"line":44,"column":23},"end":{"line":44,"column":37}},{"start":{"line":45,"column":20},"end":{"line":45,"column":61}},{"start":{"line":46,"column":20},"end":{"line":46,"column":70}},{"start":{"line":47,"column":20},"end":{"line":47,"column":26}}]},"3":{"line":51,"type":"cond-expr","locations":[{"start":{"line":52,"column":14},"end":{"line":52,"column":20}},{"start":{"line":53,"column":14},"end":{"line":53,"column":20}}]},"4":{"line":55,"type":"binary-expr","locations":[{"start":{"line":55,"column":16},"end":{"line":55,"column":44}},{"start":{"line":55,"column":49},"end":{"line":57,"column":43}}]},"5":{"line":55,"type":"cond-expr","locations":[{"start":{"line":56,"column":14},"end":{"line":56,"column":57}},{"start":{"line":57,"column":14},"end":{"line":57,"column":43}}]},"6":{"line":61,"type":"switch","locations":[{"start":{"line":68,"column":4},"end":{"line":150,"column":14},"skip":true},{"start":{"line":156,"column":4},"end":{"line":324,"column":14},"skip":true}]},"7":{"line":70,"type":"if","locations":[{"start":{"line":70,"column":12},"end":{"line":70,"column":12},"skip":true},{"start":{"line":70,"column":12},"end":{"line":70,"column":12},"skip":true}]},"8":{"line":70,"type":"binary-expr","locations":[{"start":{"line":70,"column":16},"end":{"line":70,"column":22},"skip":true},{"start":{"line":70,"column":27},"end":{"line":70,"column":32},"skip":true},{"start":{"line":71,"column":20},"end":{"line":71,"column":39},"skip":true},{"start":{"line":72,"column":20},"end":{"line":72,"column":49},"skip":true},{"start":{"line":73,"column":20},"end":{"line":73,"column":58},"skip":true},{"start":{"line":74,"column":20},"end":{"line":74,"column":69},"skip":true}]},"9":{"line":79,"type":"switch","locations":[{"start":{"line":80,"column":20},"end":{"line":80,"column":33},"skip":true},{"start":{"line":81,"column":20},"end":{"line":83,"column":30},"skip":true},{"start":{"line":84,"column":20},"end":{"line":85,"column":49},"skip":true}]},"10":{"line":89,"type":"switch","locations":[{"start":{"line":90,"column":12},"end":{"line":103,"column":22},"skip":true},{"start":{"line":105,"column":12},"end":{"line":106,"column":22},"skip":true}]},"11":{"line":89,"type":"binary-expr","locations":[{"start":{"line":89,"column":20},"end":{"line":89,"column":25},"skip":true},{"start":{"line":89,"column":29},"end":{"line":89,"column":48},"skip":true},{"start":{"line":89,"column":52},"end":{"line":89,"column":74},"skip":true}]},"12":{"line":92,"type":"if","locations":[{"start":{"line":92,"column":16},"end":{"line":92,"column":16},"skip":true},{"start":{"line":92,"column":16},"end":{"line":92,"column":16},"skip":true}]},"13":{"line":108,"type":"if","locations":[{"start":{"line":108,"column":12},"end":{"line":108,"column":12},"skip":true},{"start":{"line":108,"column":12},"end":{"line":108,"column":12},"skip":true}]},"14":{"line":108,"type":"binary-expr","locations":[{"start":{"line":108,"column":16},"end":{"line":108,"column":61},"skip":true},{"start":{"line":108,"column":66},"end":{"line":108,"column":72},"skip":true},{"start":{"line":108,"column":77},"end":{"line":108,"column":82},"skip":true},{"start":{"line":109,"column":20},"end":{"line":109,"column":39},"skip":true},{"start":{"line":110,"column":20},"end":{"line":110,"column":49},"skip":true},{"start":{"line":111,"column":20},"end":{"line":111,"column":58},"skip":true},{"start":{"line":112,"column":20},"end":{"line":112,"column":68},"skip":true}]},"15":{"line":129,"type":"if","locations":[{"start":{"line":129,"column":16},"end":{"line":129,"column":16},"skip":true},{"start":{"line":129,"column":16},"end":{"line":129,"column":16},"skip":true}]},"16":{"line":134,"type":"cond-expr","locations":[{"start":{"line":135,"column":26},"end":{"line":135,"column":29},"skip":true},{"start":{"line":136,"column":26},"end":{"line":136,"column":54},"skip":true}]},"17":{"line":164,"type":"binary-expr","locations":[{"start":{"line":164,"column":27},"end":{"line":164,"column":43},"skip":true},{"start":{"line":164,"column":47},"end":{"line":164,"column":49},"skip":true}]},"18":{"line":258,"type":"if","locations":[{"start":{"line":258,"column":8},"end":{"line":258,"column":8},"skip":true},{"start":{"line":258,"column":8},"end":{"line":258,"column":8},"skip":true}]},"19":{"line":275,"type":"switch","locations":[{"start":{"line":276,"column":20},"end":{"line":277,"column":64},"skip":true},{"start":{"line":278,"column":20},"end":{"line":279,"column":40},"skip":true},{"start":{"line":280,"column":20},"end":{"line":281,"column":40},"skip":true},{"start":{"line":282,"column":20},"end":{"line":283,"column":39},"skip":true}]},"20":{"line":288,"type":"if","locations":[{"start":{"line":288,"column":8},"end":{"line":288,"column":8},"skip":true},{"start":{"line":288,"column":8},"end":{"line":288,"column":8},"skip":true}]},"21":{"line":288,"type":"binary-expr","locations":[{"start":{"line":288,"column":12},"end":{"line":288,"column":40},"skip":true},{"start":{"line":288,"column":44},"end":{"line":288,"column":67},"skip":true}]},"22":{"line":292,"type":"binary-expr","locations":[{"start":{"line":292,"column":12},"end":{"line":292,"column":50},"skip":true},{"start":{"line":293,"column":12},"end":{"line":293,"column":53},"skip":true}]},"23":{"line":297,"type":"binary-expr","locations":[{"start":{"line":297,"column":12},"end":{"line":297,"column":71},"skip":true},{"start":{"line":298,"column":12},"end":{"line":301,"column":36},"skip":true}]},"24":{"line":303,"type":"binary-expr","locations":[{"start":{"line":303,"column":43},"end":{"line":303,"column":75},"skip":true},{"start":{"line":303,"column":79},"end":{"line":303,"column":81},"skip":true}]},"25":{"line":306,"type":"if","locations":[{"start":{"line":306,"column":8},"end":{"line":306,"column":8},"skip":true},{"start":{"line":306,"column":8},"end":{"line":306,"column":8},"skip":true}]},"26":{"line":310,"type":"if","locations":[{"start":{"line":310,"column":8},"end":{"line":310,"column":8},"skip":true},{"start":{"line":310,"column":8},"end":{"line":310,"column":8},"skip":true}]},"27":{"line":313,"type":"binary-expr","locations":[{"start":{"line":313,"column":27},"end":{"line":313,"column":43},"skip":true},{"start":{"line":313,"column":47},"end":{"line":313,"column":53},"skip":true}]},"28":{"line":317,"type":"if","locations":[{"start":{"line":317,"column":12},"end":{"line":317,"column":12},"skip":true},{"start":{"line":317,"column":12},"end":{"line":317,"column":12},"skip":true}]}},"code":["/*","example.js","","quickstart example","","instruction","    1. save this script as example.js","    2. run the shell command:","        $ npm install npmtest-node-uglifier && PORT=8081 node example.js","    3. play with the browser-demo on http://127.0.0.1:8081","*/","","","","/* istanbul instrument in package npmtest_node_uglifier */","/*jslint","    bitwise: true,","    browser: true,","    maxerr: 8,","    maxlen: 96,","    node: true,","    nomen: true,","    regexp: true,","    stupid: true","*/","(function () {","    'use strict';","    var local;","","","","    // run shared js-env code - init-before","    (function () {","        // init local","        local = {};","        // init modeJs","        local.modeJs = (function () {","            try {","                return typeof navigator.userAgent === 'string' &&","                    typeof document.querySelector('body') === 'object' &&","                    typeof XMLHttpRequest.prototype.open === 'function' &&","                    'browser';","            } catch (errorCaughtBrowser) {","                return module.exports &&","                    typeof process.versions.node === 'string' &&","                    typeof require('http').createServer === 'function' &&","                    'node';","            }","        }());","        // init global","        local.global = local.modeJs === 'browser'","            ? window","            : global;","        // init utility2_rollup","        local = local.global.utility2_rollup || (local.modeJs === 'browser'","            ? local.global.utility2_npmtest_node_uglifier","            : global.utility2_moduleExports);","        // export local","        local.global.local = local;","    }());","    switch (local.modeJs) {","","","","    // init-after","    // run browser js-env code - init-after","    /* istanbul ignore next */","    case 'browser':","        local.testRunBrowser = function (event) {","            if (!event || (event &&","                    event.currentTarget &&","                    event.currentTarget.className &&","                    event.currentTarget.className.includes &&","                    event.currentTarget.className.includes('onreset'))) {","                // reset output","                Array.from(","                    document.querySelectorAll('body > .resettable')","                ).forEach(function (element) {","                    switch (element.tagName) {","                    case 'INPUT':","                    case 'TEXTAREA':","                        element.value = '';","                        break;","                    default:","                        element.textContent = '';","                    }","                });","            }","            switch (event && event.currentTarget && event.currentTarget.id) {","            case 'testRunButton1':","                // show tests","                if (document.querySelector('#testReportDiv1').style.display === 'none') {","                    document.querySelector('#testReportDiv1').style.display = 'block';","                    document.querySelector('#testRunButton1').textContent =","                        'hide internal test';","                    local.modeTest = true;","                    local.testRunDefault(local);","                // hide tests","                } else {","                    document.querySelector('#testReportDiv1').style.display = 'none';","                    document.querySelector('#testRunButton1').textContent = 'run internal test';","                }","                break;","            // custom-case","            default:","                break;","            }","            if (document.querySelector('#inputTextareaEval1') && (!event || (event &&","                    event.currentTarget &&","                    event.currentTarget.className &&","                    event.currentTarget.className.includes &&","                    event.currentTarget.className.includes('oneval')))) {","                // try to eval input-code","                try {","                    /*jslint evil: true*/","                    eval(document.querySelector('#inputTextareaEval1').value);","                } catch (errorCaught) {","                    console.error(errorCaught);","                }","            }","        };","        // log stderr and stdout to #outputTextareaStdout1","        ['error', 'log'].forEach(function (key) {","            console[key + '_original'] = console[key];","            console[key] = function () {","                var element;","                console[key + '_original'].apply(console, arguments);","                element = document.querySelector('#outputTextareaStdout1');","                if (!element) {","                    return;","                }","                // append text to #outputTextareaStdout1","                element.value += Array.from(arguments).map(function (arg) {","                    return typeof arg === 'string'","                        ? arg","                        : JSON.stringify(arg, null, 4);","                }).join(' ') + '\\n';","                // scroll textarea to bottom","                element.scrollTop = element.scrollHeight;","            };","        });","        // init event-handling","        ['change', 'click', 'keyup'].forEach(function (event) {","            Array.from(document.querySelectorAll('.on' + event)).forEach(function (element) {","                element.addEventListener(event, local.testRunBrowser);","            });","        });","        // run tests","        local.testRunBrowser();","        break;","","","","    // run node js-env code - init-after","    /* istanbul ignore next */","    case 'node':","        // export local","        module.exports = local;","        // require modules","        local.fs = require('fs');","        local.http = require('http');","        local.url = require('url');","        // init assets","        local.assetsDict = local.assetsDict || {};","        /* jslint-ignore-begin */","        local.assetsDict['/assets.index.template.html'] = '\\","<!doctype html>\\n\\","<html lang=\"en\">\\n\\","<head>\\n\\","<meta charset=\"UTF-8\">\\n\\","<meta name=\"viewport\" content=\"width=device-width, initial-scale=1\">\\n\\","<title>{{env.npm_package_name}} (v{{env.npm_package_version}})</title>\\n\\","<style>\\n\\","/*csslint\\n\\","    box-sizing: false,\\n\\","    universal-selector: false\\n\\","*/\\n\\","* {\\n\\","    box-sizing: border-box;\\n\\","}\\n\\","body {\\n\\","    background: #dde;\\n\\","    font-family: Arial, Helvetica, sans-serif;\\n\\","    margin: 2rem;\\n\\","}\\n\\","body > * {\\n\\","    margin-bottom: 1rem;\\n\\","}\\n\\",".utility2FooterDiv {\\n\\","    margin-top: 20px;\\n\\","    text-align: center;\\n\\","}\\n\\","</style>\\n\\","<style>\\n\\","/*csslint\\n\\","*/\\n\\","textarea {\\n\\","    font-family: monospace;\\n\\","    height: 10rem;\\n\\","    width: 100%;\\n\\","}\\n\\","textarea[readonly] {\\n\\","    background: #ddd;\\n\\","}\\n\\","</style>\\n\\","</head>\\n\\","<body>\\n\\","<!-- utility2-comment\\n\\","<div id=\"ajaxProgressDiv1\" style=\"background: #d00; height: 2px; left: 0; margin: 0; padding: 0; position: fixed; top: 0; transition: background 0.5s, width 1.5s; width: 25%;\"></div>\\n\\","utility2-comment -->\\n\\","<h1>\\n\\","<!-- utility2-comment\\n\\","    <a\\n\\","        {{#if env.npm_package_homepage}}\\n\\","        href=\"{{env.npm_package_homepage}}\"\\n\\","        {{/if env.npm_package_homepage}}\\n\\","        target=\"_blank\"\\n\\","    >\\n\\","utility2-comment -->\\n\\","        {{env.npm_package_name}} (v{{env.npm_package_version}})\\n\\","<!-- utility2-comment\\n\\","    </a>\\n\\","utility2-comment -->\\n\\","</h1>\\n\\","<h3>{{env.npm_package_description}}</h3>\\n\\","<!-- utility2-comment\\n\\","<h4><a download href=\"assets.app.js\">download standalone app</a></h4>\\n\\","<button class=\"onclick onreset\" id=\"testRunButton1\">run internal test</button><br>\\n\\","<div id=\"testReportDiv1\" style=\"display: none;\"></div>\\n\\","utility2-comment -->\\n\\","\\n\\","\\n\\","\\n\\","<label>stderr and stdout</label>\\n\\","<textarea class=\"resettable\" id=\"outputTextareaStdout1\" readonly></textarea>\\n\\","<!-- utility2-comment\\n\\","{{#if isRollup}}\\n\\","<script src=\"assets.app.js\"></script>\\n\\","{{#unless isRollup}}\\n\\","utility2-comment -->\\n\\","<script src=\"assets.utility2.rollup.js\"></script>\\n\\","<script src=\"jsonp.utility2._stateInit?callback=window.utility2._stateInit\"></script>\\n\\","<script src=\"assets.npmtest_node_uglifier.rollup.js\"></script>\\n\\","<script src=\"assets.example.js\"></script>\\n\\","<script src=\"assets.test.js\"></script>\\n\\","<!-- utility2-comment\\n\\","{{/if isRollup}}\\n\\","utility2-comment -->\\n\\","<div class=\"utility2FooterDiv\">\\n\\","    [ this app was created with\\n\\","    <a href=\"https://github.com/kaizhu256/node-utility2\" target=\"_blank\">utility2</a>\\n\\","    ]\\n\\","</div>\\n\\","</body>\\n\\","</html>\\n\\","';","        /* jslint-ignore-end */","        if (local.templateRender) {","            local.assetsDict['/'] = local.templateRender(","                local.assetsDict['/assets.index.template.html'],","                {","                    env: local.objectSetDefault(local.env, {","                        npm_package_description: 'the greatest app in the world!',","                        npm_package_name: 'my-app',","                        npm_package_nameAlias: 'my_app',","                        npm_package_version: '0.0.1'","                    })","                }","            );","        } else {","            local.assetsDict['/'] = local.assetsDict['/assets.index.template.html']","                .replace((/\\{\\{env\\.(\\w+?)\\}\\}/g), function (match0, match1) {","                    // jslint-hack","                    String(match0);","                    switch (match1) {","                    case 'npm_package_description':","                        return 'the greatest app in the world!';","                    case 'npm_package_name':","                        return 'my-app';","                    case 'npm_package_nameAlias':","                        return 'my_app';","                    case 'npm_package_version':","                        return '0.0.1';","                    }","                });","        }","        // run the cli","        if (local.global.utility2_rollup || module !== require.main) {","            break;","        }","        local.assetsDict['/assets.example.js'] =","            local.assetsDict['/assets.example.js'] ||","            local.fs.readFileSync(__filename, 'utf8');","        // bug-workaround - long $npm_package_buildCustomOrg","        /* jslint-ignore-begin */","        local.assetsDict['/assets.npmtest_node_uglifier.rollup.js'] =","            local.assetsDict['/assets.npmtest_node_uglifier.rollup.js'] ||","            local.fs.readFileSync(","                local.npmtest_node_uglifier.__dirname + '/lib.npmtest_node_uglifier.js',","                'utf8'","            ).replace((/^#!/), '//');","        /* jslint-ignore-end */","        local.assetsDict['/favicon.ico'] = local.assetsDict['/favicon.ico'] || '';","        // if $npm_config_timeout_exit exists,","        // then exit this process after $npm_config_timeout_exit ms","        if (Number(process.env.npm_config_timeout_exit)) {","            setTimeout(process.exit, Number(process.env.npm_config_timeout_exit));","        }","        // start server","        if (local.global.utility2_serverHttp1) {","            break;","        }","        process.env.PORT = process.env.PORT || '8081';","        console.error('server starting on port ' + process.env.PORT);","        local.http.createServer(function (request, response) {","            request.urlParsed = local.url.parse(request.url);","            if (local.assetsDict[request.urlParsed.pathname] !== undefined) {","                response.end(local.assetsDict[request.urlParsed.pathname]);","                return;","            }","            response.statusCode = 404;","            response.end();","        }).listen(process.env.PORT);","        break;","    }","}());",""],"l":{"26":2,"28":2,"33":2,"35":2,"37":2,"38":2,"39":2,"44":1,"51":2,"55":2,"59":2,"61":2,"69":1,"70":2,"76":2,"79":2,"82":2,"83":2,"85":1,"89":2,"92":1,"93":1,"94":1,"96":1,"97":1,"100":1,"101":1,"103":1,"106":1,"108":2,"114":1,"116":1,"118":1,"123":1,"124":2,"125":2,"126":3,"127":3,"128":3,"129":3,"130":1,"133":3,"134":3,"139":3,"143":1,"144":3,"145":1,"149":1,"150":1,"158":1,"160":1,"161":1,"162":1,"164":1,"166":1,"258":1,"259":1,"271":1,"274":6,"275":6,"277":1,"279":2,"281":1,"283":2,"288":1,"289":1,"291":1,"296":1,"303":1,"306":1,"307":1,"310":1,"311":1,"313":1,"314":1,"315":1,"316":1,"317":1,"318":1,"319":1,"321":1,"322":1,"324":1}},"/home/travis/build/npmtest/node-npmtest-node-uglifier/node_modules/node-uglifier/index.js":{"path":"/home/travis/build/npmtest/node-npmtest-node-uglifier/node_modules/node-uglifier/index.js","s":{"1":1,"2":1},"b":{},"f":{},"fnMap":{},"statementMap":{"1":{"start":{"line":6,"column":0},"end":{"line":6,"column":69}},"2":{"start":{"line":12,"column":0},"end":{"line":12,"column":47}}},"branchMap":{},"code":["","/**"," * Export NodeUglifier (with )"," */","","exports = module.exports = require('./lib_compiled/NodeUglifier.js');","","/*"," Export the version"," */","","exports.version = require('./package').version;"],"l":{"6":1,"12":1}},"/home/travis/build/npmtest/node-npmtest-node-uglifier/node_modules/node-uglifier/lib_compiled/NodeUglifier.js":{"path":"/home/travis/build/npmtest/node-npmtest-node-uglifier/node_modules/node-uglifier/lib_compiled/NodeUglifier.js","s":{"1":1,"2":1,"3":0,"4":0,"5":1,"6":1,"7":1,"8":1,"9":1,"10":1,"11":1,"12":1,"13":1,"14":1,"15":1,"16":1,"17":1,"18":1,"19":1,"20":1,"21":0,"22":0,"23":0,"24":0,"25":0,"26":0,"27":0,"28":0,"29":0,"30":0,"31":0,"32":0,"33":0,"34":0,"35":0,"36":0,"37":0,"38":0,"39":0,"40":0,"41":0,"42":0,"43":0,"44":0,"45":1,"46":0,"47":1,"48":0,"49":1,"50":0,"51":1,"52":0,"53":0,"54":0,"55":1,"56":0,"57":0,"58":0,"59":0,"60":1,"61":0,"62":0,"63":0,"64":0,"65":0,"66":0,"67":1,"68":0,"69":0,"70":0,"71":0,"72":0,"73":0,"74":0,"75":0,"76":0,"77":0,"78":0,"79":0,"80":0,"81":0,"82":0,"83":0,"84":0,"85":0,"86":0,"87":0,"88":0,"89":0,"90":0,"91":0,"92":0,"93":0,"94":0,"95":0,"96":0,"97":0,"98":0,"99":0,"100":0,"101":0,"102":0,"103":0,"104":0,"105":0,"106":0,"107":0,"108":0,"109":0,"110":0,"111":0,"112":0,"113":0,"114":0,"115":0,"116":0,"117":0,"118":0,"119":0,"120":0,"121":0,"122":0,"123":0,"124":0,"125":0,"126":0,"127":0,"128":0,"129":0,"130":0,"131":0,"132":0,"133":0,"134":0,"135":0,"136":0,"137":0,"138":0,"139":0,"140":0,"141":0,"142":0,"143":0,"144":0,"145":0,"146":0,"147":0,"148":0,"149":0,"150":0,"151":0,"152":0,"153":0,"154":0,"155":0,"156":0,"157":0,"158":0,"159":0,"160":0,"161":0,"162":1,"163":0,"164":0,"165":0,"166":0,"167":0,"168":0,"169":0,"170":0,"171":0,"172":0,"173":0,"174":0,"175":0,"176":0,"177":0,"178":0,"179":0,"180":0,"181":0,"182":0,"183":0,"184":0,"185":0,"186":0,"187":0,"188":0,"189":0,"190":0,"191":0,"192":0,"193":0,"194":0,"195":0,"196":0,"197":0,"198":0,"199":0,"200":0,"201":0,"202":0,"203":0,"204":0,"205":0,"206":0,"207":0,"208":1,"209":0,"210":1,"211":0,"212":0,"213":0,"214":0,"215":0,"216":0,"217":0,"218":0,"219":0,"220":0,"221":0,"222":0,"223":0,"224":0,"225":0,"226":0,"227":0,"228":0,"229":1,"230":0,"231":0,"232":0,"233":0,"234":0,"235":0,"236":0,"237":0,"238":0,"239":0,"240":1,"241":0,"242":0,"243":0,"244":0,"245":0,"246":0,"247":0,"248":0,"249":0,"250":0,"251":0,"252":0,"253":0,"254":0,"255":0,"256":0,"257":0,"258":0,"259":1,"260":1},"b":{"1":[0,0],"2":[0,0],"3":[0,0],"4":[0,0],"5":[0,0],"6":[0,0],"7":[0,0],"8":[0,0],"9":[0,0],"10":[0,0],"11":[0,0],"12":[0,0],"13":[0,0],"14":[0,0],"15":[0,0],"16":[0,0],"17":[0,0],"18":[0,0],"19":[0,0],"20":[0,0],"21":[0,0],"22":[0,0],"23":[0,0],"24":[0,0],"25":[0,0],"26":[0,0],"27":[0,0],"28":[0,0],"29":[0,0],"30":[0,0],"31":[0,0],"32":[0,0],"33":[0,0],"34":[0,0],"35":[0,0],"36":[0]},"f":{"1":1,"2":0,"3":0,"4":1,"5":0,"6":0,"7":0,"8":0,"9":0,"10":0,"11":0,"12":0,"13":0,"14":0,"15":0,"16":0,"17":0,"18":0,"19":0,"20":0,"21":0,"22":0,"23":0,"24":0,"25":0,"26":0,"27":0},"fnMap":{"1":{"name":"(anonymous_1)","line":2,"loc":{"start":{"line":2,"column":1},"end":{"line":2,"column":12}}},"2":{"name":"(anonymous_2)","line":4,"loc":{"start":{"line":4,"column":11},"end":{"line":4,"column":27}}},"3":{"name":"(anonymous_3)","line":4,"loc":{"start":{"line":4,"column":36},"end":{"line":4,"column":46}}},"4":{"name":"(anonymous_4)","line":37,"loc":{"start":{"line":37,"column":18},"end":{"line":37,"column":29}}},"5":{"name":"NodeUglifier","line":38,"loc":{"start":{"line":38,"column":4},"end":{"line":38,"column":45}}},"6":{"name":"(anonymous_6)","line":67,"loc":{"start":{"line":67,"column":54},"end":{"line":67,"column":65}}},"7":{"name":"(anonymous_7)","line":78,"loc":{"start":{"line":78,"column":48},"end":{"line":78,"column":65}}},"8":{"name":"(anonymous_8)","line":82,"loc":{"start":{"line":82,"column":60},"end":{"line":82,"column":77}}},"9":{"name":"(anonymous_9)","line":86,"loc":{"start":{"line":86,"column":69},"end":{"line":86,"column":87}}},"10":{"name":"(anonymous_10)","line":90,"loc":{"start":{"line":90,"column":59},"end":{"line":90,"column":77}}},"11":{"name":"(anonymous_11)","line":96,"loc":{"start":{"line":96,"column":73},"end":{"line":96,"column":102}}},"12":{"name":"(anonymous_12)","line":103,"loc":{"start":{"line":103,"column":40},"end":{"line":103,"column":65}}},"13":{"name":"(anonymous_13)","line":112,"loc":{"start":{"line":112,"column":35},"end":{"line":112,"column":46}}},"14":{"name":"(anonymous_14)","line":125,"loc":{"start":{"line":125,"column":31},"end":{"line":125,"column":50}}},"15":{"name":"(anonymous_15)","line":146,"loc":{"start":{"line":146,"column":74},"end":{"line":146,"column":90}}},"16":{"name":"(anonymous_16)","line":149,"loc":{"start":{"line":149,"column":60},"end":{"line":149,"column":76}}},"17":{"name":"(anonymous_17)","line":154,"loc":{"start":{"line":154,"column":34},"end":{"line":154,"column":49}}},"18":{"name":"(anonymous_18)","line":188,"loc":{"start":{"line":188,"column":79},"end":{"line":188,"column":95}}},"19":{"name":"(anonymous_19)","line":191,"loc":{"start":{"line":191,"column":65},"end":{"line":191,"column":81}}},"20":{"name":"(anonymous_20)","line":241,"loc":{"start":{"line":241,"column":33},"end":{"line":241,"column":61}}},"21":{"name":"(anonymous_21)","line":258,"loc":{"start":{"line":258,"column":48},"end":{"line":258,"column":79}}},"22":{"name":"(anonymous_22)","line":318,"loc":{"start":{"line":318,"column":38},"end":{"line":318,"column":49}}},"23":{"name":"(anonymous_23)","line":322,"loc":{"start":{"line":322,"column":42},"end":{"line":322,"column":57}}},"24":{"name":"(anonymous_24)","line":329,"loc":{"start":{"line":329,"column":59},"end":{"line":329,"column":78}}},"25":{"name":"(anonymous_25)","line":336,"loc":{"start":{"line":336,"column":44},"end":{"line":336,"column":63}}},"26":{"name":"(anonymous_26)","line":345,"loc":{"start":{"line":345,"column":46},"end":{"line":345,"column":61}}},"27":{"name":"(anonymous_27)","line":359,"loc":{"start":{"line":359,"column":36},"end":{"line":359,"column":56}}}},"statementMap":{"1":{"start":{"line":2,"column":0},"end":{"line":407,"column":14}},"2":{"start":{"line":3,"column":2},"end":{"line":4,"column":85}},"3":{"start":{"line":4,"column":29},"end":{"line":4,"column":82}},"4":{"start":{"line":4,"column":48},"end":{"line":4,"column":79}},"5":{"start":{"line":6,"column":2},"end":{"line":6,"column":36}},"6":{"start":{"line":8,"column":2},"end":{"line":8,"column":54}},"7":{"start":{"line":10,"column":2},"end":{"line":10,"column":32}},"8":{"start":{"line":12,"column":2},"end":{"line":12,"column":21}},"9":{"start":{"line":14,"column":2},"end":{"line":14,"column":28}},"10":{"start":{"line":16,"column":2},"end":{"line":16,"column":27}},"11":{"start":{"line":18,"column":2},"end":{"line":18,"column":17}},"12":{"start":{"line":20,"column":2},"end":{"line":20,"column":25}},"13":{"start":{"line":22,"column":2},"end":{"line":22,"column":48}},"14":{"start":{"line":24,"column":2},"end":{"line":24,"column":46}},"15":{"start":{"line":26,"column":2},"end":{"line":26,"column":42}},"16":{"start":{"line":28,"column":2},"end":{"line":28,"column":25}},"17":{"start":{"line":30,"column":2},"end":{"line":30,"column":18}},"18":{"start":{"line":32,"column":2},"end":{"line":32,"column":54}},"19":{"start":{"line":37,"column":2},"end":{"line":403,"column":7}},"20":{"start":{"line":38,"column":4},"end":{"line":76,"column":5}},"21":{"start":{"line":39,"column":6},"end":{"line":39,"column":21}},"22":{"start":{"line":40,"column":6},"end":{"line":42,"column":7}},"23":{"start":{"line":41,"column":8},"end":{"line":41,"column":21}},"24":{"start":{"line":43,"column":6},"end":{"line":43,"column":118}},"25":{"start":{"line":44,"column":6},"end":{"line":44,"column":90}},"26":{"start":{"line":45,"column":6},"end":{"line":45,"column":110}},"27":{"start":{"line":46,"column":6},"end":{"line":56,"column":8}},"28":{"start":{"line":57,"column":6},"end":{"line":57,"column":38}},"29":{"start":{"line":58,"column":6},"end":{"line":58,"column":89}},"30":{"start":{"line":59,"column":6},"end":{"line":63,"column":7}},"31":{"start":{"line":60,"column":8},"end":{"line":60,"column":67}},"32":{"start":{"line":62,"column":8},"end":{"line":62,"column":65}},"33":{"start":{"line":64,"column":6},"end":{"line":64,"column":55}},"34":{"start":{"line":65,"column":6},"end":{"line":65,"column":34}},"35":{"start":{"line":66,"column":6},"end":{"line":66,"column":67}},"36":{"start":{"line":67,"column":6},"end":{"line":71,"column":44}},"37":{"start":{"line":68,"column":8},"end":{"line":68,"column":21}},"38":{"start":{"line":69,"column":8},"end":{"line":69,"column":56}},"39":{"start":{"line":69,"column":38},"end":{"line":69,"column":54}},"40":{"start":{"line":70,"column":8},"end":{"line":70,"column":23}},"41":{"start":{"line":72,"column":6},"end":{"line":72,"column":29}},"42":{"start":{"line":73,"column":6},"end":{"line":73,"column":27}},"43":{"start":{"line":74,"column":6},"end":{"line":74,"column":108}},"44":{"start":{"line":75,"column":6},"end":{"line":75,"column":29}},"45":{"start":{"line":78,"column":4},"end":{"line":80,"column":6}},"46":{"start":{"line":79,"column":6},"end":{"line":79,"column":87}},"47":{"start":{"line":82,"column":4},"end":{"line":84,"column":6}},"48":{"start":{"line":83,"column":6},"end":{"line":83,"column":58}},"49":{"start":{"line":86,"column":4},"end":{"line":88,"column":6}},"50":{"start":{"line":87,"column":6},"end":{"line":87,"column":80}},"51":{"start":{"line":90,"column":4},"end":{"line":94,"column":6}},"52":{"start":{"line":91,"column":6},"end":{"line":91,"column":18}},"53":{"start":{"line":92,"column":6},"end":{"line":92,"column":85}},"54":{"start":{"line":93,"column":6},"end":{"line":93,"column":56}},"55":{"start":{"line":96,"column":4},"end":{"line":101,"column":6}},"56":{"start":{"line":97,"column":6},"end":{"line":97,"column":32}},"57":{"start":{"line":98,"column":6},"end":{"line":98,"column":35}},"58":{"start":{"line":99,"column":6},"end":{"line":99,"column":64}},"59":{"start":{"line":100,"column":6},"end":{"line":100,"column":69}},"60":{"start":{"line":103,"column":4},"end":{"line":110,"column":6}},"61":{"start":{"line":104,"column":6},"end":{"line":104,"column":59}},"62":{"start":{"line":105,"column":6},"end":{"line":105,"column":56}},"63":{"start":{"line":106,"column":6},"end":{"line":106,"column":60}},"64":{"start":{"line":107,"column":6},"end":{"line":107,"column":49}},"65":{"start":{"line":108,"column":6},"end":{"line":108,"column":90}},"66":{"start":{"line":109,"column":6},"end":{"line":109,"column":63}},"67":{"start":{"line":112,"column":4},"end":{"line":256,"column":6}},"68":{"start":{"line":113,"column":6},"end":{"line":113,"column":133}},"69":{"start":{"line":114,"column":6},"end":{"line":114,"column":19}},"70":{"start":{"line":115,"column":6},"end":{"line":115,"column":68}},"71":{"start":{"line":116,"column":6},"end":{"line":122,"column":8}},"72":{"start":{"line":123,"column":6},"end":{"line":123,"column":29}},"73":{"start":{"line":124,"column":6},"end":{"line":124,"column":123}},"74":{"start":{"line":125,"column":6},"end":{"line":232,"column":8}},"75":{"start":{"line":126,"column":8},"end":{"line":126,"column":321}},"76":{"start":{"line":127,"column":8},"end":{"line":131,"column":9}},"77":{"start":{"line":128,"column":10},"end":{"line":128,"column":52}},"78":{"start":{"line":130,"column":10},"end":{"line":130,"column":21}},"79":{"start":{"line":132,"column":8},"end":{"line":132,"column":60}},"80":{"start":{"line":133,"column":8},"end":{"line":135,"column":9}},"81":{"start":{"line":134,"column":10},"end":{"line":134,"column":54}},"82":{"start":{"line":136,"column":8},"end":{"line":136,"column":94}},"83":{"start":{"line":137,"column":8},"end":{"line":144,"column":9}},"84":{"start":{"line":138,"column":10},"end":{"line":142,"column":12}},"85":{"start":{"line":143,"column":10},"end":{"line":143,"column":55}},"86":{"start":{"line":145,"column":8},"end":{"line":145,"column":55}},"87":{"start":{"line":146,"column":8},"end":{"line":148,"column":22}},"88":{"start":{"line":147,"column":10},"end":{"line":147,"column":68}},"89":{"start":{"line":149,"column":8},"end":{"line":151,"column":22}},"90":{"start":{"line":150,"column":10},"end":{"line":150,"column":68}},"91":{"start":{"line":152,"column":8},"end":{"line":152,"column":42}},"92":{"start":{"line":153,"column":8},"end":{"line":153,"column":130}},"93":{"start":{"line":154,"column":8},"end":{"line":158,"column":11}},"94":{"start":{"line":155,"column":10},"end":{"line":157,"column":13}},"95":{"start":{"line":159,"column":8},"end":{"line":203,"column":9}},"96":{"start":{"line":160,"column":10},"end":{"line":160,"column":50}},"97":{"start":{"line":161,"column":10},"end":{"line":165,"column":11}},"98":{"start":{"line":162,"column":12},"end":{"line":162,"column":63}},"99":{"start":{"line":164,"column":12},"end":{"line":164,"column":24}},"100":{"start":{"line":166,"column":10},"end":{"line":170,"column":11}},"101":{"start":{"line":167,"column":12},"end":{"line":167,"column":65}},"102":{"start":{"line":169,"column":12},"end":{"line":169,"column":24}},"103":{"start":{"line":171,"column":10},"end":{"line":171,"column":77}},"104":{"start":{"line":172,"column":10},"end":{"line":179,"column":11}},"105":{"start":{"line":173,"column":12},"end":{"line":173,"column":136}},"106":{"start":{"line":174,"column":12},"end":{"line":178,"column":13}},"107":{"start":{"line":175,"column":14},"end":{"line":175,"column":32}},"108":{"start":{"line":177,"column":14},"end":{"line":177,"column":35}},"109":{"start":{"line":180,"column":10},"end":{"line":182,"column":11}},"110":{"start":{"line":181,"column":12},"end":{"line":181,"column":58}},"111":{"start":{"line":183,"column":10},"end":{"line":183,"column":77}},"112":{"start":{"line":184,"column":10},"end":{"line":186,"column":11}},"113":{"start":{"line":185,"column":12},"end":{"line":185,"column":61}},"114":{"start":{"line":187,"column":10},"end":{"line":187,"column":44}},"115":{"start":{"line":188,"column":10},"end":{"line":190,"column":24}},"116":{"start":{"line":189,"column":12},"end":{"line":189,"column":83}},"117":{"start":{"line":191,"column":10},"end":{"line":193,"column":24}},"118":{"start":{"line":192,"column":12},"end":{"line":192,"column":83}},"119":{"start":{"line":194,"column":10},"end":{"line":201,"column":11}},"120":{"start":{"line":195,"column":12},"end":{"line":195,"column":146}},"121":{"start":{"line":196,"column":17},"end":{"line":201,"column":11}},"122":{"start":{"line":197,"column":12},"end":{"line":197,"column":136}},"123":{"start":{"line":199,"column":12},"end":{"line":199,"column":76}},"124":{"start":{"line":200,"column":12},"end":{"line":200,"column":142}},"125":{"start":{"line":202,"column":10},"end":{"line":202,"column":126}},"126":{"start":{"line":204,"column":8},"end":{"line":231,"column":9}},"127":{"start":{"line":205,"column":10},"end":{"line":211,"column":11}},"128":{"start":{"line":206,"column":12},"end":{"line":206,"column":61}},"129":{"start":{"line":207,"column":12},"end":{"line":207,"column":44}},"130":{"start":{"line":208,"column":17},"end":{"line":211,"column":11}},"131":{"start":{"line":209,"column":12},"end":{"line":209,"column":71}},"132":{"start":{"line":210,"column":12},"end":{"line":210,"column":47}},"133":{"start":{"line":212,"column":10},"end":{"line":222,"column":11}},"134":{"start":{"line":213,"column":12},"end":{"line":213,"column":66}},"135":{"start":{"line":214,"column":12},"end":{"line":216,"column":13}},"136":{"start":{"line":215,"column":14},"end":{"line":215,"column":86}},"137":{"start":{"line":218,"column":12},"end":{"line":220,"column":14}},"138":{"start":{"line":221,"column":12},"end":{"line":221,"column":72}},"139":{"start":{"line":224,"column":10},"end":{"line":228,"column":11}},"140":{"start":{"line":225,"column":12},"end":{"line":225,"column":97}},"141":{"start":{"line":227,"column":12},"end":{"line":227,"column":61}},"142":{"start":{"line":229,"column":10},"end":{"line":229,"column":37}},"143":{"start":{"line":230,"column":10},"end":{"line":230,"column":66}},"144":{"start":{"line":233,"column":6},"end":{"line":233,"column":47}},"145":{"start":{"line":234,"column":6},"end":{"line":234,"column":26}},"146":{"start":{"line":235,"column":6},"end":{"line":235,"column":22}},"147":{"start":{"line":236,"column":6},"end":{"line":236,"column":15}},"148":{"start":{"line":237,"column":6},"end":{"line":251,"column":7}},"149":{"start":{"line":238,"column":8},"end":{"line":238,"column":15}},"150":{"start":{"line":239,"column":8},"end":{"line":239,"column":25}},"151":{"start":{"line":240,"column":8},"end":{"line":250,"column":9}},"152":{"start":{"line":241,"column":10},"end":{"line":241,"column":65}},"153":{"start":{"line":243,"column":10},"end":{"line":243,"column":21}},"154":{"start":{"line":244,"column":10},"end":{"line":244,"column":26}},"155":{"start":{"line":245,"column":10},"end":{"line":249,"column":11}},"156":{"start":{"line":246,"column":12},"end":{"line":246,"column":36}},"157":{"start":{"line":247,"column":12},"end":{"line":247,"column":89}},"158":{"start":{"line":248,"column":12},"end":{"line":248,"column":62}},"159":{"start":{"line":252,"column":6},"end":{"line":254,"column":7}},"160":{"start":{"line":253,"column":8},"end":{"line":253,"column":54}},"161":{"start":{"line":255,"column":6},"end":{"line":255,"column":18}},"162":{"start":{"line":258,"column":4},"end":{"line":316,"column":6}},"163":{"start":{"line":259,"column":6},"end":{"line":259,"column":275}},"164":{"start":{"line":260,"column":6},"end":{"line":262,"column":7}},"165":{"start":{"line":261,"column":8},"end":{"line":261,"column":25}},"166":{"start":{"line":263,"column":6},"end":{"line":263,"column":36}},"167":{"start":{"line":264,"column":6},"end":{"line":266,"column":7}},"168":{"start":{"line":265,"column":8},"end":{"line":265,"column":21}},"169":{"start":{"line":267,"column":6},"end":{"line":270,"column":7}},"170":{"start":{"line":268,"column":8},"end":{"line":268,"column":63}},"171":{"start":{"line":269,"column":8},"end":{"line":269,"column":15}},"172":{"start":{"line":271,"column":6},"end":{"line":271,"column":87}},"173":{"start":{"line":272,"column":6},"end":{"line":272,"column":33}},"174":{"start":{"line":273,"column":6},"end":{"line":273,"column":38}},"175":{"start":{"line":274,"column":6},"end":{"line":309,"column":7}},"176":{"start":{"line":275,"column":8},"end":{"line":275,"column":19}},"177":{"start":{"line":276,"column":8},"end":{"line":278,"column":9}},"178":{"start":{"line":277,"column":10},"end":{"line":277,"column":115}},"179":{"start":{"line":279,"column":8},"end":{"line":279,"column":63}},"180":{"start":{"line":280,"column":8},"end":{"line":280,"column":36}},"181":{"start":{"line":281,"column":8},"end":{"line":281,"column":36}},"182":{"start":{"line":282,"column":8},"end":{"line":282,"column":102}},"183":{"start":{"line":283,"column":8},"end":{"line":283,"column":75}},"184":{"start":{"line":284,"column":8},"end":{"line":284,"column":53}},"185":{"start":{"line":285,"column":8},"end":{"line":285,"column":67}},"186":{"start":{"line":286,"column":8},"end":{"line":308,"column":9}},"187":{"start":{"line":287,"column":10},"end":{"line":307,"column":11}},"188":{"start":{"line":288,"column":12},"end":{"line":288,"column":45}},"189":{"start":{"line":289,"column":12},"end":{"line":289,"column":44}},"190":{"start":{"line":290,"column":12},"end":{"line":306,"column":13}},"191":{"start":{"line":291,"column":14},"end":{"line":291,"column":35}},"192":{"start":{"line":292,"column":14},"end":{"line":292,"column":55}},"193":{"start":{"line":293,"column":14},"end":{"line":295,"column":15}},"194":{"start":{"line":294,"column":16},"end":{"line":294,"column":25}},"195":{"start":{"line":296,"column":14},"end":{"line":296,"column":118}},"196":{"start":{"line":297,"column":14},"end":{"line":297,"column":55}},"197":{"start":{"line":298,"column":14},"end":{"line":304,"column":15}},"198":{"start":{"line":299,"column":16},"end":{"line":299,"column":98}},"199":{"start":{"line":300,"column":16},"end":{"line":300,"column":66}},"200":{"start":{"line":301,"column":16},"end":{"line":301,"column":88}},"201":{"start":{"line":303,"column":16},"end":{"line":303,"column":57}},"202":{"start":{"line":305,"column":14},"end":{"line":305,"column":37}},"203":{"start":{"line":310,"column":6},"end":{"line":310,"column":19}},"204":{"start":{"line":311,"column":6},"end":{"line":314,"column":7}},"205":{"start":{"line":312,"column":8},"end":{"line":312,"column":60}},"206":{"start":{"line":313,"column":8},"end":{"line":313,"column":97}},"207":{"start":{"line":315,"column":6},"end":{"line":315,"column":21}},"208":{"start":{"line":318,"column":4},"end":{"line":320,"column":6}},"209":{"start":{"line":319,"column":6},"end":{"line":319,"column":47}},"210":{"start":{"line":322,"column":4},"end":{"line":343,"column":6}},"211":{"start":{"line":323,"column":6},"end":{"line":323,"column":40}},"212":{"start":{"line":324,"column":6},"end":{"line":324,"column":19}},"213":{"start":{"line":325,"column":6},"end":{"line":325,"column":38}},"214":{"start":{"line":326,"column":6},"end":{"line":326,"column":54}},"215":{"start":{"line":327,"column":6},"end":{"line":327,"column":52}},"216":{"start":{"line":328,"column":6},"end":{"line":328,"column":44}},"217":{"start":{"line":329,"column":6},"end":{"line":335,"column":9}},"218":{"start":{"line":330,"column":8},"end":{"line":330,"column":29}},"219":{"start":{"line":331,"column":8},"end":{"line":331,"column":65}},"220":{"start":{"line":332,"column":8},"end":{"line":332,"column":60}},"221":{"start":{"line":333,"column":8},"end":{"line":333,"column":53}},"222":{"start":{"line":334,"column":8},"end":{"line":334,"column":60}},"223":{"start":{"line":336,"column":6},"end":{"line":342,"column":9}},"224":{"start":{"line":337,"column":8},"end":{"line":337,"column":29}},"225":{"start":{"line":338,"column":8},"end":{"line":338,"column":64}},"226":{"start":{"line":339,"column":8},"end":{"line":339,"column":52}},"227":{"start":{"line":340,"column":8},"end":{"line":340,"column":53}},"228":{"start":{"line":341,"column":8},"end":{"line":341,"column":81}},"229":{"start":{"line":345,"column":4},"end":{"line":357,"column":6}},"230":{"start":{"line":346,"column":6},"end":{"line":346,"column":84}},"231":{"start":{"line":347,"column":6},"end":{"line":347,"column":19}},"232":{"start":{"line":348,"column":6},"end":{"line":348,"column":38}},"233":{"start":{"line":349,"column":6},"end":{"line":349,"column":64}},"234":{"start":{"line":350,"column":6},"end":{"line":350,"column":79}},"235":{"start":{"line":351,"column":6},"end":{"line":351,"column":37}},"236":{"start":{"line":352,"column":6},"end":{"line":352,"column":33}},"237":{"start":{"line":353,"column":6},"end":{"line":355,"column":7}},"238":{"start":{"line":354,"column":8},"end":{"line":354,"column":151}},"239":{"start":{"line":356,"column":6},"end":{"line":356,"column":126}},"240":{"start":{"line":359,"column":4},"end":{"line":399,"column":6}},"241":{"start":{"line":360,"column":6},"end":{"line":360,"column":39}},"242":{"start":{"line":361,"column":6},"end":{"line":363,"column":7}},"243":{"start":{"line":362,"column":8},"end":{"line":362,"column":23}},"244":{"start":{"line":364,"column":6},"end":{"line":366,"column":7}},"245":{"start":{"line":365,"column":8},"end":{"line":365,"column":21}},"246":{"start":{"line":367,"column":6},"end":{"line":380,"column":8}},"247":{"start":{"line":381,"column":6},"end":{"line":381,"column":35}},"248":{"start":{"line":382,"column":6},"end":{"line":384,"column":7}},"249":{"start":{"line":383,"column":8},"end":{"line":383,"column":15}},"250":{"start":{"line":385,"column":6},"end":{"line":385,"column":31}},"251":{"start":{"line":386,"column":6},"end":{"line":386,"column":16}},"252":{"start":{"line":387,"column":6},"end":{"line":390,"column":19}},"253":{"start":{"line":391,"column":6},"end":{"line":391,"column":40}},"254":{"start":{"line":392,"column":6},"end":{"line":392,"column":48}},"255":{"start":{"line":393,"column":6},"end":{"line":397,"column":7}},"256":{"start":{"line":395,"column":10},"end":{"line":395,"column":60}},"257":{"start":{"line":396,"column":10},"end":{"line":396,"column":71}},"258":{"start":{"line":398,"column":6},"end":{"line":398,"column":18}},"259":{"start":{"line":401,"column":4},"end":{"line":401,"column":24}},"260":{"start":{"line":405,"column":2},"end":{"line":405,"column":32}}},"branchMap":{"1":{"line":40,"type":"if","locations":[{"start":{"line":40,"column":6},"end":{"line":40,"column":6}},{"start":{"line":40,"column":6},"end":{"line":40,"column":6}}]},"2":{"line":58,"type":"binary-expr","locations":[{"start":{"line":58,"column":25},"end":{"line":58,"column":47}},{"start":{"line":58,"column":51},"end":{"line":58,"column":88}}]},"3":{"line":59,"type":"if","locations":[{"start":{"line":59,"column":6},"end":{"line":59,"column":6}},{"start":{"line":59,"column":6},"end":{"line":59,"column":6}}]},"4":{"line":133,"type":"if","locations":[{"start":{"line":133,"column":8},"end":{"line":133,"column":8}},{"start":{"line":133,"column":8},"end":{"line":133,"column":8}}]},"5":{"line":137,"type":"if","locations":[{"start":{"line":137,"column":8},"end":{"line":137,"column":8}},{"start":{"line":137,"column":8},"end":{"line":137,"column":8}}]},"6":{"line":172,"type":"if","locations":[{"start":{"line":172,"column":10},"end":{"line":172,"column":10}},{"start":{"line":172,"column":10},"end":{"line":172,"column":10}}]},"7":{"line":172,"type":"binary-expr","locations":[{"start":{"line":172,"column":14},"end":{"line":172,"column":43}},{"start":{"line":172,"column":47},"end":{"line":172,"column":172}}]},"8":{"line":174,"type":"if","locations":[{"start":{"line":174,"column":12},"end":{"line":174,"column":12}},{"start":{"line":174,"column":12},"end":{"line":174,"column":12}}]},"9":{"line":180,"type":"if","locations":[{"start":{"line":180,"column":10},"end":{"line":180,"column":10}},{"start":{"line":180,"column":10},"end":{"line":180,"column":10}}]},"10":{"line":184,"type":"if","locations":[{"start":{"line":184,"column":10},"end":{"line":184,"column":10}},{"start":{"line":184,"column":10},"end":{"line":184,"column":10}}]},"11":{"line":194,"type":"if","locations":[{"start":{"line":194,"column":10},"end":{"line":194,"column":10}},{"start":{"line":194,"column":10},"end":{"line":194,"column":10}}]},"12":{"line":196,"type":"if","locations":[{"start":{"line":196,"column":17},"end":{"line":196,"column":17}},{"start":{"line":196,"column":17},"end":{"line":196,"column":17}}]},"13":{"line":204,"type":"if","locations":[{"start":{"line":204,"column":8},"end":{"line":204,"column":8}},{"start":{"line":204,"column":8},"end":{"line":204,"column":8}}]},"14":{"line":204,"type":"binary-expr","locations":[{"start":{"line":204,"column":12},"end":{"line":204,"column":41}},{"start":{"line":204,"column":45},"end":{"line":204,"column":64}}]},"15":{"line":205,"type":"if","locations":[{"start":{"line":205,"column":10},"end":{"line":205,"column":10}},{"start":{"line":205,"column":10},"end":{"line":205,"column":10}}]},"16":{"line":208,"type":"if","locations":[{"start":{"line":208,"column":17},"end":{"line":208,"column":17}},{"start":{"line":208,"column":17},"end":{"line":208,"column":17}}]},"17":{"line":212,"type":"if","locations":[{"start":{"line":212,"column":10},"end":{"line":212,"column":10}},{"start":{"line":212,"column":10},"end":{"line":212,"column":10}}]},"18":{"line":214,"type":"if","locations":[{"start":{"line":214,"column":12},"end":{"line":214,"column":12}},{"start":{"line":214,"column":12},"end":{"line":214,"column":12}}]},"19":{"line":224,"type":"if","locations":[{"start":{"line":224,"column":10},"end":{"line":224,"column":10}},{"start":{"line":224,"column":10},"end":{"line":224,"column":10}}]},"20":{"line":237,"type":"binary-expr","locations":[{"start":{"line":237,"column":13},"end":{"line":237,"column":21}},{"start":{"line":237,"column":25},"end":{"line":237,"column":36}}]},"21":{"line":245,"type":"if","locations":[{"start":{"line":245,"column":10},"end":{"line":245,"column":10}},{"start":{"line":245,"column":10},"end":{"line":245,"column":10}}]},"22":{"line":252,"type":"if","locations":[{"start":{"line":252,"column":6},"end":{"line":252,"column":6}},{"start":{"line":252,"column":6},"end":{"line":252,"column":6}}]},"23":{"line":260,"type":"if","locations":[{"start":{"line":260,"column":6},"end":{"line":260,"column":6}},{"start":{"line":260,"column":6},"end":{"line":260,"column":6}}]},"24":{"line":264,"type":"if","locations":[{"start":{"line":264,"column":6},"end":{"line":264,"column":6}},{"start":{"line":264,"column":6},"end":{"line":264,"column":6}}]},"25":{"line":267,"type":"if","locations":[{"start":{"line":267,"column":6},"end":{"line":267,"column":6}},{"start":{"line":267,"column":6},"end":{"line":267,"column":6}}]},"26":{"line":271,"type":"binary-expr","locations":[{"start":{"line":271,"column":21},"end":{"line":271,"column":44}},{"start":{"line":271,"column":48},"end":{"line":271,"column":86}}]},"27":{"line":276,"type":"if","locations":[{"start":{"line":276,"column":8},"end":{"line":276,"column":8}},{"start":{"line":276,"column":8},"end":{"line":276,"column":8}}]},"28":{"line":282,"type":"binary-expr","locations":[{"start":{"line":282,"column":48},"end":{"line":282,"column":93}},{"start":{"line":282,"column":97},"end":{"line":282,"column":100}}]},"29":{"line":286,"type":"if","locations":[{"start":{"line":286,"column":8},"end":{"line":286,"column":8}},{"start":{"line":286,"column":8},"end":{"line":286,"column":8}}]},"30":{"l
[...]
olumn":83}},"69":{"start":{"line":102,"column":10},"end":{"line":102,"column":29}},"70":{"start":{"line":103,"column":10},"end":{"line":106,"column":13}},"71":{"start":{"line":104,"column":12},"end":{"line":104,"column":30}},"72":{"start":{"line":105,"column":12},"end":{"line":105,"column":61}},"73":{"start":{"line":107,"column":10},"end":{"line":118,"column":11}},"74":{"start":{"line":108,"column":12},"end":{"line":108,"column":58}},"75":{"start":{"line":109,"column":12},"end":{"line":113,"column":13}},"76":{"start":{"line":110,"column":14},"end":{"line":110,"column":82}},"77":{"start":{"line":112,"column":14},"end":{"line":112,"column":82}},"78":{"start":{"line":114,"column":12},"end":{"line":117,"column":15}},"79":{"start":{"line":115,"column":14},"end":{"line":115,"column":32}},"80":{"start":{"line":116,"column":14},"end":{"line":116,"column":63}},"81":{"start":{"line":119,"column":10},"end":{"line":121,"column":11}},"82":{"start":{"line":120,"column":12},"end":{"line":120,"column":123}},"83":{"start":{"line":123,"column":8},"end":{"line":123,"column":65}},"84":{"start":{"line":124,"column":8},"end":{"line":128,"column":9}},"85":{"start":{"line":125,"column":10},"end":{"line":125,"column":100}},"86":{"start":{"line":127,"column":10},"end":{"line":127,"column":74}},"87":{"start":{"line":129,"column":8},"end":{"line":129,"column":75}},"88":{"start":{"line":131,"column":6},"end":{"line":131,"column":47}},"89":{"start":{"line":132,"column":6},"end":{"line":132,"column":33}},"90":{"start":{"line":135,"column":4},"end":{"line":135,"column":27}},"91":{"start":{"line":139,"column":2},"end":{"line":139,"column":61}}},"branchMap":{"1":{"line":26,"type":"if","locations":[{"start":{"line":26,"column":6},"end":{"line":26,"column":6}},{"start":{"line":26,"column":6},"end":{"line":26,"column":6}}]},"2":{"line":34,"type":"if","locations":[{"start":{"line":34,"column":6},"end":{"line":34,"column":6}},{"start":{"line":34,"column":6},"end":{"line":34,"column":6}}]},"3":{"line":77,"type":"if","locations":[{"start":{"line":77,"column":8},"end":{"line":77,"column":8}},{"start":{"line":77,"column":8},"end":{"line":77,"column":8}}]},"4":{"line":95,"type":"if","locations":[{"start":{"line":95,"column":10},"end":{"line":95,"column":10}},{"start":{"line":95,"column":10},"end":{"line":95,"column":10}}]},"5":{"line":98,"type":"if","locations":[{"start":{"line":98,"column":10},"end":{"line":98,"column":10}},{"start":{"line":98,"column":10},"end":{"line":98,"column":10}}]},"6":{"line":107,"type":"if","locations":[{"start":{"line":107,"column":10},"end":{"line":107,"column":10}},{"start":{"line":107,"column":10},"end":{"line":107,"column":10}}]},"7":{"line":109,"type":"if","locations":[{"start":{"line":109,"column":12},"end":{"line":109,"column":12}},{"start":{"line":109,"column":12},"end":{"line":109,"column":12}}]},"8":{"line":119,"type":"if","locations":[{"start":{"line":119,"column":10},"end":{"line":119,"column":10}},{"start":{"line":119,"column":10},"end":{"line":119,"column":10}}]},"9":{"line":124,"type":"if","locations":[{"start":{"line":124,"column":8},"end":{"line":124,"column":8}},{"start":{"line":124,"column":8},"end":{"line":124,"column":8}}]}},"code":["// Generated by CoffeeScript 1.7.1","(function() {","  var TotalObfuscator, cryptoUtils, fs, fsExtra, packageUtils, path, saltLength, sh, sugar, _;","","  fsExtra = require('fs-extra');","","  fs = require('fs');","","  _ = require('underscore');","","  sugar = require('sugar');","","  path = require('path');","","  sh = require('execSync');","","  packageUtils = require('./libs/packageUtils');","","  cryptoUtils = require('./libs/cryptoUtils');","","  saltLength = 20;","","  TotalObfuscator = (function() {","    function TotalObfuscator(mainFile, options) {","      var _i, _results;","      if (options == null) {","        options = {};","      }","      this.options = {","        leaveDirAsExternal: []","      };","      _.extend(this.options, options);","      this.mainFileAbs = path.resolve(mainFile);","      if (!fs.existsSync(this.mainFileAbs)) {","        throw new Error(\"main file not found\");","      } else {","        console.log(\"processing main file: \" + this.mainFileAbs);","      }","      this.salt = cryptoUtils.generateSalt(saltLength);","      this.hashAlgorithm = \"sha1\";","      this.wrappedSourceContainerName = \"cachedModules\";","      this.serialMappings = cryptoUtils.shuffleArray((function() {","        _results = [];","        for (_i = 0; _i <= 10000; _i++){ _results.push(_i); }","        return _results;","      }).apply(this));","      this._sourceCodes = {};","      this.lastResult = null;","    }","","    TotalObfuscator.prototype.getSourceContainer = function(serial) {","      return this.wrappedSourceContainerName + \"[\" + this.serialMappings[serial] + \"]\";","    };","","    TotalObfuscator.prototype.getRequireSubstitutionForMerge = function(serial) {","      return this.getSourceContainer(serial) + \".exports\";","    };","","    TotalObfuscator.prototype.addWrapper = function(source, serial) {","      var firstLine, lastLine, modulesArrayStr, secondLine;","      modulesArrayStr = this.getSourceContainer(serial);","      firstLine = modulesArrayStr + \"={exports:{}};\" + \"\\n\";","      secondLine = \"(function(module,exports) {\";","      lastLine = \"}).call(this,\" + modulesArrayStr + \",\" + modulesArrayStr + \".exports);\";","      return \"\\n\" + firstLine + secondLine + source + lastLine;","    };","","    TotalObfuscator.prototype.combine = function() {","      var firstLine, r, recursiveSourceGrabber, _this;","      _this = this;","      firstLine = \"var \" + this.wrappedSourceContainerName + \"=[];\";","      r = firstLine;","      recursiveSourceGrabber = function(filePath) {","        var ast, isReplaced, otherSerial, pathSaltedHash, requireStatement, requireStatements, serial, source, sourceMod, withTheOtherQuotation, _i, _len;","        source = packageUtils.readFile(filePath).toString();","        pathSaltedHash = cryptoUtils.getSaltedHash(filePath, _this.hashAlgorithm, _this.salt);","        if (_this._sourceCodes[pathSaltedHash] == null) {","          _this._sourceCodes[pathSaltedHash] = {","            source: source,","            serial: _.keys(_this._sourceCodes).length","          };","          console.log(filePath + \" added to sources \");","        }","        serial = _this._sourceCodes[pathSaltedHash].serial;","        ast = packageUtils.getAst(source);","        requireStatements = packageUtils.getRequireStatements(ast, filePath);","        requireStatements.each(function(o, i) {","          return requireStatements[i] = _.extend(o, {","            pathSaltedHash: cryptoUtils.getSaltedHash(o.path, _this.hashAlgorithm, _this.salt)","          });","        });","        sourceMod = source;","        for (_i = 0, _len = requireStatements.length; _i < _len; _i++) {","          requireStatement = requireStatements[_i];","          if (_this._sourceCodes[requireStatement.pathSaltedHash] == null) {","            recursiveSourceGrabber(requireStatement.path);","          }","          if (_this._sourceCodes[requireStatement.pathSaltedHash] == null) {","            throw new Error(\" internal should not happen 1\");","          }","          otherSerial = _this._sourceCodes[requireStatement.pathSaltedHash].serial;","          isReplaced = false;","          sourceMod = sourceMod.replace(requireStatement.text, function(token) {","            isReplaced = true;","            return _this.getRequireSubstitution(otherSerial);","          });","          if (!isReplaced) {","            withTheOtherQuotation = requireStatement.text;","            if (withTheOtherQuotation.indexOf(\"'\") !== -1) {","              withTheOtherQuotation = withTheOtherQuotation.replace(/[']/ig, '\"');","            } else {","              withTheOtherQuotation = withTheOtherQuotation.replace(/[\"]/ig, \"'\");","            }","            sourceMod = sourceMod.replace(withTheOtherQuotation, function(token) {","              isReplaced = true;","              return _this.getRequireSubstitution(otherSerial);","            });","          }","          if (!isReplaced) {","            throw new Error(requireStatement.text + \" was not replaced with \" + _this.getRequireSubstitution(otherSerial));","          }","        }","        _this._sourceCodes[pathSaltedHash].sourceMod = sourceMod;","        if (serial > 0) {","          _this._sourceCodes[pathSaltedHash].sourceModWrapped = _this.addWrapper(sourceMod, serial);","        } else {","          _this._sourceCodes[pathSaltedHash].sourceModWrapped = sourceMod;","        }","        return r = r + _this._sourceCodes[pathSaltedHash].sourceModWrapped;","      };","      recursiveSourceGrabber(this.mainFileAbs);","      return this.lastResult = r;","    };","","    return TotalObfuscator;","","  })();","","  new TotalObfuscator(\"lib_compiled/test/test.js\").combine();","","}).call(this);","","//# sourceMappingURL=totalObfuscator.map",""],"l":{"2":2,"3":2,"5":2,"7":2,"9":2,"11":2,"13":2,"15":2,"17":0,"19":0,"21":0,"23":0,"24":1,"25":0,"26":0,"27":0,"29":0,"32":0,"33":0,"34":0,"35":0,"37":0,"39":0,"40":0,"41":0,"42":0,"43":0,"44":0,"45":0,"47":0,"48":0,"51":0,"52":0,"55":0,"56":0,"59":0,"60":0,"61":0,"62":0,"63":0,"64":0,"65":0,"68":0,"69":0,"70":0,"71":0,"72":0,"73":0,"74":0,"75":0,"76":0,"77":0,"78":0,"82":0,"84":0,"85":0,"86":0,"87":0,"88":0,"92":0,"93":0,"94":0,"95":0,"96":0,"98":0,"99":0,"101":0,"102":0,"103":0,"104":0,"105":0,"107":0,"108":0,"109":0,"110":0,"112":0,"114":0,"115":0,"116":0,"119":0,"120":0,"123":0,"124":0,"125":0,"127":0,"129":0,"131":0,"132":0,"135":0,"139":0}},"/home/travis/build/npmtest/node-npmtest-node-uglifier/node_modules/node-uglifier/temp/libs/cryptoutils.js":{"path":"/home/travis/build/npmtest/node-npmtest-node-uglifier/node_modules/node-uglifier/temp/libs/cryptoutils.js","s":{"1":1,"2":1,"3":1,"4":1,"5":1,"6":1,"7":1,"8":0,"9":1,"10":0,"11":1,"12":0,"13":0,"14":0,"15":0,"16":0,"17":0,"18":0},"b":{"1":[0,0],"2":[0,0]},"f":{"1":1,"2":0,"3":0,"4":0},"fnMap":{"1":{"name":"(anonymous_1)","line":2,"loc":{"start":{"line":2,"column":1},"end":{"line":2,"column":12}}},"2":{"name":"(anonymous_2)","line":13,"loc":{"start":{"line":13,"column":29},"end":{"line":13,"column":50}}},"3":{"name":"(anonymous_3)","line":17,"loc":{"start":{"line":17,"column":30},"end":{"line":17,"column":69}}},"4":{"name":"(anonymous_4)","line":21,"loc":{"start":{"line":21,"column":29},"end":{"line":21,"column":45}}}},"statementMap":{"1":{"start":{"line":2,"column":0},"end":{"line":32,"column":14}},"2":{"start":{"line":3,"column":2},"end":{"line":3,"column":36}},"3":{"start":{"line":5,"column":2},"end":{"line":5,"column":28}},"4":{"start":{"line":7,"column":2},"end":{"line":7,"column":27}},"5":{"start":{"line":9,"column":2},"end":{"line":9,"column":29}},"6":{"start":{"line":11,"column":2},"end":{"line":11,"column":31}},"7":{"start":{"line":13,"column":2},"end":{"line":15,"column":4}},"8":{"start":{"line":14,"column":4},"end":{"line":14,"column":98}},"9":{"start":{"line":17,"column":2},"end":{"line":19,"column":4}},"10":{"start":{"line":18,"column":4},"end":{"line":18,"column":80}},"11":{"start":{"line":21,"column":2},"end":{"line":30,"column":4}},"12":{"start":{"line":22,"column":4},"end":{"line":22,"column":29}},"13":{"start":{"line":23,"column":4},"end":{"line":28,"column":5}},"14":{"start":{"line":24,"column":6},"end":{"line":24,"column":46}},"15":{"start":{"line":25,"column":6},"end":{"line":25,"column":22}},"16":{"start":{"line":26,"column":6},"end":{"line":26,"column":26}},"17":{"start":{"line":27,"column":6},"end":{"line":27,"column":22}},"18":{"start":{"line":29,"column":4},"end":{"line":29,"column":17}}},"branchMap":{"1":{"line":23,"type":"cond-expr","locations":[{"start":{"line":23,"column":55},"end":{"line":23,"column":62}},{"start":{"line":23,"column":65},"end":{"line":23,"column":72}}]},"2":{"line":23,"type":"cond-expr","locations":[{"start":{"line":23,"column":90},"end":{"line":23,"column":94}},{"start":{"line":23,"column":97},"end":{"line":23,"column":101}}]}},"code":["// Generated by CoffeeScript 1.7.1","(function() {","  var crypto, cryptoUtils, sugar, _;","","  _ = require('underscore');","","  sugar = require('sugar');","","  crypto = require(\"crypto\");","","  cryptoUtils = module.exports;","","  cryptoUtils.generateSalt = function(saltLength) {","    return crypto.randomBytes(Math.ceil(saltLength / 2)).toString('hex').substring(0, saltLength);","  };","","  cryptoUtils.getSaltedHash = function(message, hashAlgorithm, salt) {","    return crypto.createHmac(hashAlgorithm, salt).update(message).digest('hex');","  };","","  cryptoUtils.shuffleArray = function(array) {","    var i, j, temp, _i, _ref;","    for (i = _i = _ref = array.length - 1; _ref <= 0 ? _i <= 0 : _i >= 0; i = _ref <= 0 ? ++_i : --_i) {","      j = Math.floor(Math.random() * (i + 1));","      temp = array[i];","      array[i] = array[j];","      array[j] = temp;","    }","    return array;","  };","","}).call(this);","","//# sourceMappingURL=cryptoutils.map",""],"l":{"2":1,"3":1,"5":1,"7":1,"9":1,"11":1,"13":1,"14":0,"17":1,"18":0,"21":1,"22":0,"23":0,"24":0,"25":0,"26":0,"27":0,"29":0}},"/home/travis/build/npmtest/node-npmtest-node-uglifier/node_modules/node-uglifier/lib_compiled/libs/js-graph-mod/Gruntfile.js":{"path":"/home/travis/build/npmtest/node-npmtest-node-uglifier/node_modules/node-uglifier/lib_compiled/libs/js-graph-mod/Gruntfile.js","s":{"1":1,"2":0,"3":0,"4":0,"5":0,"6":0,"7":0},"b":{},"f":{"1":0},"fnMap":{"1":{"name":"(anonymous_1)","line":3,"loc":{"start":{"line":3,"column":17},"end":{"line":3,"column":34}}}},"statementMap":{"1":{"start":{"line":3,"column":0},"end":{"line":184,"column":2}},"2":{"start":{"line":7,"column":1},"end":{"line":13,"column":27}},"3":{"start":{"line":16,"column":1},"end":{"line":169,"column":4}},"4":{"start":{"line":177,"column":1},"end":{"line":177,"column":50}},"5":{"start":{"line":178,"column":1},"end":{"line":178,"column":51}},"6":{"start":{"line":180,"column":1},"end":{"line":180,"column":71}},"7":{"start":{"line":182,"column":1},"end":{"line":182,"column":79}}},"branchMap":{},"code":["\"use strict\";","","module.exports = function (grunt) {","","\t//// loading grunt plugins","","\t[ 'grunt-contrib-uglify',","\t  'grunt-contrib-compress',","\t  'grunt-contrib-watch',","\t  'grunt-contrib-copy',","\t  'grunt-karma',","\t  'grunt-coveralls'","\t].map(grunt.loadNpmTasks);","","","\tgrunt.initConfig({","","","\t\t////////////////////////////","\t\t//// Define Directories ////","\t\t////////////////////////////","","","\t\tdirs: {","\t\t\tjs:    \"src\",","\t\t\tbuild: \"dist\"","\t\t},","","","\t\t//////////////////","\t\t//// Metadata ////","\t\t//////////////////","","","\t\tpkg:         grunt.file.readJSON(\"package.json\"),","\t\tbanner: \"\\n\" +","\t\t        \"/*\\n\" +","\t\t        \" * -------------------------------------------------------\\n\" +","\t\t        \" * Project: <%= pkg.title %>\\n\" +","\t\t        \" * Version: <%= pkg.version %>\\n\" +","\t\t        \" *\\n\" +","\t\t        \" * Author:  <%= pkg.author.name %>\\n\" +","\t\t        \" * Site:    <%= pkg.author.url %>\\n\" +","\t\t        \" * Contact: <%= pkg.author.email %>\\n\" +","\t\t        \" *\\n\" +","\t\t        \" *\\n\" +","\t\t        \" * Copyright (c) <%= grunt.template.today(\\\"yyyy\\\") %> <%= pkg.author.name %>\\n\" +","\t\t        \" * -------------------------------------------------------\\n\" +","\t\t        \" */\\n\" +","\t\t        \"\\n\",","\t\tsmallBanner: \"/* <%= pkg.name %> - v<%= pkg.version %> - <%= grunt.template.today(\\\"yyyy-mm-dd\\\") %> */\",","","","\t\t////////////////////////////////////////","\t\t//// Copying file to dist directory ////","\t\t////////////////////////////////////////","","","\t\tcopy: {","\t\t\tsource: {","\t\t\t\tfiles: [","\t\t\t\t\t{","\t\t\t\t\t\texpand:  true,","\t\t\t\t\t\tflatten: true,","\t\t\t\t\t\tsrc:     \"<%= dirs.js %>/<%= pkg.name %>.js\",","\t\t\t\t\t\tdest:    \"<%= dirs.build %>\"","\t\t\t\t\t}","\t\t\t\t]","\t\t\t},","\t\t\tlcov: {","\t\t\t\tfiles: [","\t\t\t\t\t{","\t\t\t\t\t\texpand:  true,","\t\t\t\t\t\tflatten: true,","\t\t\t\t\t\tsrc:     [\"coverage/*/lcov.info\"],","\t\t\t\t\t\tdest:    \"coverage\"","\t\t\t\t\t}","\t\t\t\t]","\t\t\t}","\t\t},","","","\t\t//////////////////////","\t\t//// Minification ////","\t\t//////////////////////","","","\t\tuglify: {","\t\t\tdist: {","\t\t\t\toptions: {","\t\t\t\t\tbanner:    \"<%= smallBanner %>\",","\t\t\t\t\tsourceMap: true,","\t\t\t\t\treport:    'gzip'","\t\t\t\t},","\t\t\t\tfiles:   {","\t\t\t\t\t\"<%= dirs.build %>/<%= pkg.name %>.min.js\": \"<%= dirs.js %>/<%= pkg.name %>.js\"","\t\t\t\t}","\t\t\t}","\t\t},","","","\t\t/////////////////////","\t\t//// Compression ////","\t\t/////////////////////","","","\t\tcompress: {","\t\t\tdist: {","\t\t\t\toptions: { mode: 'gzip' },","\t\t\t\tsrc:     \"<%= dirs.build %>/<%= pkg.name %>.min.js\",","\t\t\t\tdest:    \"<%= dirs.build %>/<%= pkg.name %>.min.js.gz\"","\t\t\t}","\t\t},","","","\t\t/////////////////","\t\t//// Testing ////","\t\t/////////////////","","","\t\tkarma: {","\t\t\toptions: {","\t\t\t\tbasePath:   '',","\t\t\t\tframeworks: [ 'jasmine', 'requirejs' ],","\t\t\t\texclude:    [],","\t\t\t\trunnerPort: 9876,","\t\t\t\tcolors:     true,","\t\t\t\tlogLevel:   'INFO',","\t\t\t\tautoWatch:  false,","\t\t\t\tbrowsers:   ['PhantomJS'],","\t\t\t\tsingleRun:  true","\t\t\t},","\t\t\tdev:     {","\t\t\t\toptions: {","\t\t\t\t\tfiles:            [ 'spec/main-dev.js', {pattern: '**/*.js', included: false} ],","\t\t\t\t\treporters:        ['progress', 'coverage'],","\t\t\t\t\tpreprocessors:    { 'src/**/*.js': ['coverage'] },","\t\t\t\t\tcoverageReporter: {","\t\t\t\t\t\treporters: [","\t\t\t\t\t\t\t{ type: 'text-summary' },","\t\t\t\t\t\t\t{ type: 'lcovonly'}","\t\t\t\t\t\t]","\t\t\t\t\t}","\t\t\t\t}","\t\t\t},","\t\t\tdist:    {","\t\t\t\toptions: {","\t\t\t\t\tfiles:     [ 'spec/main-dist.js', {pattern: '**/*.js', included: false} ],","\t\t\t\t\treporters: ['progress']","\t\t\t\t}","\t\t\t}","\t\t},","","","\t\t//////////////////","\t\t//// Coverage ////","\t\t//////////////////","","\t\tcoveralls: {","\t\t\tdev:  {","\t\t\t\tsrc:     'coverage/lcov.info',","\t\t\t\toptions: {","\t\t\t\t\tforce: true","\t\t\t\t}","\t\t\t}","\t\t}","","","\t});","","","\t////////////////////////","\t//// Register Tasks ////","\t////////////////////////","","","\tgrunt.registerTask(\"test:dev\", [ \"karma:dev\"  ]);","\tgrunt.registerTask(\"test:dist\", [ \"karma:dist\" ]);","","\tgrunt.registerTask(\"coverage:dev\", [ \"copy:lcov\", \"coveralls:dev\"  ]);","","\tgrunt.registerTask(\"dist\", [ \"copy:source\", \"uglify:dist\", \"compress:dist\" ]);","","};",""],"l":{"3":1,"7":0,"16":0,"177":0,"178":0,"180":0,"182":0}},"/home/travis/build/npmtest/node-npmtest-node-uglifier/node_modules/node-uglifier/lib_compiled/libs/js-graph-mod/karma.conf.js":{"path":"/home/travis/build/npmtest/node-npmtest-node-uglifier/node_modules/node-uglifier/lib_compiled/libs/js-graph-mod/karma.conf.js","s":{"1":1,"2":0},"b":{},"f":{"1":0},"fnMap":{"1":{"name":"(anonymous_1)","line":3,"loc":{"start":{"line":3,"column":17},"end":{"line":3,"column":35}}}},"statementMap":{"1":{"start":{"line":3,"column":0},"end":{"line":18,"column":2}},"2":{"start":{"line":4,"column":1},"end":{"line":17,"column":4}}},"branchMap":{},"code":["'use strict';","","module.exports = function (config) {","\tconfig.set({","\t\tbasePath:      '',","\t\tframeworks:    [ 'jasmine', 'requirejs' ],","\t\tfiles:         [ 'spec/main-dev.js', {pattern: '**/*.js', included: false} ],","\t\texclude:       [],","\t\tpreprocessors: { 'src/**/*.js': ['coverage'] },","\t\treporters:     ['progress'],","\t\tport:          9876,","\t\tcolors:        true,","\t\tlogLevel:      config.LOG_INFO,","\t\tautoWatch:     false,","\t\tbrowsers:      ['Chrome'],","\t\tsingleRun:     true","\t});","};",""],"l":{"3":1,"4":0}}}